The system is: Linux - 4.15.0-38-generic - x86_64
Compiling the C compiler identification source file "CMakeCCompilerId.c" succeeded.
Compiler: /usr/bin/cc 
Build flags: 
Id flags:  

The output was:
0


Compilation of the C compiler identification source "CMakeCCompilerId.c" produced "a.out"

The C compiler identification is GNU, found in "/home/warproxxx/Desktop/Projects/StorageX/Monero/StorageX-miner/cmake_build/CMakeFiles/3.12.3/CompilerIdC/a.out"

Compiling the CXX compiler identification source file "CMakeCXXCompilerId.cpp" succeeded.
Compiler: /usr/bin/c++ 
Build flags: 
Id flags:  

The output was:
0


Compilation of the CXX compiler identification source "CMakeCXXCompilerId.cpp" produced "a.out"

The CXX compiler identification is GNU, found in "/home/warproxxx/Desktop/Projects/StorageX/Monero/StorageX-miner/cmake_build/CMakeFiles/3.12.3/CompilerIdCXX/a.out"

Determining if the C compiler works passed with the following output:
Change Dir: /home/warproxxx/Desktop/Projects/StorageX/Monero/StorageX-miner/cmake_build/CMakeFiles/CMakeTmp

Run Build Command:"/usr/bin/make" "cmTC_7161d/fast"
/usr/bin/make -f CMakeFiles/cmTC_7161d.dir/build.make CMakeFiles/cmTC_7161d.dir/build
make[1]: Entering directory '/home/warproxxx/Desktop/Projects/StorageX/Monero/StorageX-miner/cmake_build/CMakeFiles/CMakeTmp'
Building C object CMakeFiles/cmTC_7161d.dir/testCCompiler.c.o
/usr/bin/cc    -o CMakeFiles/cmTC_7161d.dir/testCCompiler.c.o   -c /home/warproxxx/Desktop/Projects/StorageX/Monero/StorageX-miner/cmake_build/CMakeFiles/CMakeTmp/testCCompiler.c
Linking C executable cmTC_7161d
/home/warproxxx/Downloads/cmake-3.12.3/bin/cmake -E cmake_link_script CMakeFiles/cmTC_7161d.dir/link.txt --verbose=1
/usr/bin/cc      -rdynamic CMakeFiles/cmTC_7161d.dir/testCCompiler.c.o  -o cmTC_7161d 
make[1]: Leaving directory '/home/warproxxx/Desktop/Projects/StorageX/Monero/StorageX-miner/cmake_build/CMakeFiles/CMakeTmp'


Detecting C compiler ABI info compiled with the following output:
Change Dir: /home/warproxxx/Desktop/Projects/StorageX/Monero/StorageX-miner/cmake_build/CMakeFiles/CMakeTmp

Run Build Command:"/usr/bin/make" "cmTC_65550/fast"
/usr/bin/make -f CMakeFiles/cmTC_65550.dir/build.make CMakeFiles/cmTC_65550.dir/build
make[1]: Entering directory '/home/warproxxx/Desktop/Projects/StorageX/Monero/StorageX-miner/cmake_build/CMakeFiles/CMakeTmp'
Building C object CMakeFiles/cmTC_65550.dir/CMakeCCompilerABI.c.o
/usr/bin/cc    -o CMakeFiles/cmTC_65550.dir/CMakeCCompilerABI.c.o   -c /home/warproxxx/Downloads/cmake-3.12.3/Modules/CMakeCCompilerABI.c
Linking C executable cmTC_65550
/home/warproxxx/Downloads/cmake-3.12.3/bin/cmake -E cmake_link_script CMakeFiles/cmTC_65550.dir/link.txt --verbose=1
/usr/bin/cc     -v -rdynamic CMakeFiles/cmTC_65550.dir/CMakeCCompilerABI.c.o  -o cmTC_65550 
Using built-in specs.
COLLECT_GCC=/usr/bin/cc
COLLECT_LTO_WRAPPER=/usr/lib/gcc/x86_64-linux-gnu/5/lto-wrapper
Target: x86_64-linux-gnu
Configured with: ../src/configure -v --with-pkgversion='Ubuntu 5.4.0-6ubuntu1~16.04.10' --with-bugurl=file:///usr/share/doc/gcc-5/README.Bugs --enable-languages=c,ada,c++,java,go,d,fortran,objc,obj-c++ --prefix=/usr --program-suffix=-5 --enable-shared --enable-linker-build-id --libexecdir=/usr/lib --without-included-gettext --enable-threads=posix --libdir=/usr/lib --enable-nls --with-sysroot=/ --enable-clocale=gnu --enable-libstdcxx-debug --enable-libstdcxx-time=yes --with-default-libstdcxx-abi=new --enable-gnu-unique-object --disable-vtable-verify --enable-libmpx --enable-plugin --with-system-zlib --disable-browser-plugin --enable-java-awt=gtk --enable-gtk-cairo --with-java-home=/usr/lib/jvm/java-1.5.0-gcj-5-amd64/jre --enable-java-home --with-jvm-root-dir=/usr/lib/jvm/java-1.5.0-gcj-5-amd64 --with-jvm-jar-dir=/usr/lib/jvm-exports/java-1.5.0-gcj-5-amd64 --with-arch-directory=amd64 --with-ecj-jar=/usr/share/java/eclipse-ecj.jar --enable-objc-gc --enable-multiarch --disable-werror --with-arch-32=i686 --with-abi=m64 --with-multilib-list=m32,m64,mx32 --enable-multilib --with-tune=generic --enable-checking=release --build=x86_64-linux-gnu --host=x86_64-linux-gnu --target=x86_64-linux-gnu
Thread model: posix
gcc version 5.4.0 20160609 (Ubuntu 5.4.0-6ubuntu1~16.04.10) 
COMPILER_PATH=/usr/lib/gcc/x86_64-linux-gnu/5/:/usr/lib/gcc/x86_64-linux-gnu/5/:/usr/lib/gcc/x86_64-linux-gnu/:/usr/lib/gcc/x86_64-linux-gnu/5/:/usr/lib/gcc/x86_64-linux-gnu/
LIBRARY_PATH=/usr/lib/gcc/x86_64-linux-gnu/5/:/usr/lib/gcc/x86_64-linux-gnu/5/../../../x86_64-linux-gnu/:/usr/lib/gcc/x86_64-linux-gnu/5/../../../../lib/:/lib/x86_64-linux-gnu/:/lib/../lib/:/usr/lib/x86_64-linux-gnu/:/usr/lib/../lib/:/usr/lib/gcc/x86_64-linux-gnu/5/../../../:/lib/:/usr/lib/
COLLECT_GCC_OPTIONS='-v' '-rdynamic' '-o' 'cmTC_65550' '-mtune=generic' '-march=x86-64'
 /usr/lib/gcc/x86_64-linux-gnu/5/collect2 -plugin /usr/lib/gcc/x86_64-linux-gnu/5/liblto_plugin.so -plugin-opt=/usr/lib/gcc/x86_64-linux-gnu/5/lto-wrapper -plugin-opt=-fresolution=/tmp/ccOtfQh3.res -plugin-opt=-pass-through=-lgcc -plugin-opt=-pass-through=-lgcc_s -plugin-opt=-pass-through=-lc -plugin-opt=-pass-through=-lgcc -plugin-opt=-pass-through=-lgcc_s --sysroot=/ --build-id --eh-frame-hdr -m elf_x86_64 --hash-style=gnu --as-needed -export-dynamic -dynamic-linker /lib64/ld-linux-x86-64.so.2 -z relro -o cmTC_65550 /usr/lib/gcc/x86_64-linux-gnu/5/../../../x86_64-linux-gnu/crt1.o /usr/lib/gcc/x86_64-linux-gnu/5/../../../x86_64-linux-gnu/crti.o /usr/lib/gcc/x86_64-linux-gnu/5/crtbegin.o -L/usr/lib/gcc/x86_64-linux-gnu/5 -L/usr/lib/gcc/x86_64-linux-gnu/5/../../../x86_64-linux-gnu -L/usr/lib/gcc/x86_64-linux-gnu/5/../../../../lib -L/lib/x86_64-linux-gnu -L/lib/../lib -L/usr/lib/x86_64-linux-gnu -L/usr/lib/../lib -L/usr/lib/gcc/x86_64-linux-gnu/5/../../.. CMakeFiles/cmTC_65550.dir/CMakeCCompilerABI.c.o -lgcc --as-needed -lgcc_s --no-as-needed -lc -lgcc --as-needed -lgcc_s --no-as-needed /usr/lib/gcc/x86_64-linux-gnu/5/crtend.o /usr/lib/gcc/x86_64-linux-gnu/5/../../../x86_64-linux-gnu/crtn.o
make[1]: Leaving directory '/home/warproxxx/Desktop/Projects/StorageX/Monero/StorageX-miner/cmake_build/CMakeFiles/CMakeTmp'


Parsed C implicit link information from above output:
  link line regex: [^( *|.*[/\])(ld|CMAKE_LINK_STARTFILE-NOTFOUND|([^/\]+-)?ld|collect2)[^/\]*( |$)]
  ignore line: [Change Dir: /home/warproxxx/Desktop/Projects/StorageX/Monero/StorageX-miner/cmake_build/CMakeFiles/CMakeTmp]
  ignore line: []
  ignore line: [Run Build Command:"/usr/bin/make" "cmTC_65550/fast"]
  ignore line: [/usr/bin/make -f CMakeFiles/cmTC_65550.dir/build.make CMakeFiles/cmTC_65550.dir/build]
  ignore line: [make[1]: Entering directory '/home/warproxxx/Desktop/Projects/StorageX/Monero/StorageX-miner/cmake_build/CMakeFiles/CMakeTmp']
  ignore line: [Building C object CMakeFiles/cmTC_65550.dir/CMakeCCompilerABI.c.o]
  ignore line: [/usr/bin/cc    -o CMakeFiles/cmTC_65550.dir/CMakeCCompilerABI.c.o   -c /home/warproxxx/Downloads/cmake-3.12.3/Modules/CMakeCCompilerABI.c]
  ignore line: [Linking C executable cmTC_65550]
  ignore line: [/home/warproxxx/Downloads/cmake-3.12.3/bin/cmake -E cmake_link_script CMakeFiles/cmTC_65550.dir/link.txt --verbose=1]
  ignore line: [/usr/bin/cc     -v -rdynamic CMakeFiles/cmTC_65550.dir/CMakeCCompilerABI.c.o  -o cmTC_65550 ]
  ignore line: [Using built-in specs.]
  ignore line: [COLLECT_GCC=/usr/bin/cc]
  ignore line: [COLLECT_LTO_WRAPPER=/usr/lib/gcc/x86_64-linux-gnu/5/lto-wrapper]
  ignore line: [Target: x86_64-linux-gnu]
  ignore line: [Configured with: ../src/configure -v --with-pkgversion='Ubuntu 5.4.0-6ubuntu1~16.04.10' --with-bugurl=file:///usr/share/doc/gcc-5/README.Bugs --enable-languages=c,ada,c++,java,go,d,fortran,objc,obj-c++ --prefix=/usr --program-suffix=-5 --enable-shared --enable-linker-build-id --libexecdir=/usr/lib --without-included-gettext --enable-threads=posix --libdir=/usr/lib --enable-nls --with-sysroot=/ --enable-clocale=gnu --enable-libstdcxx-debug --enable-libstdcxx-time=yes --with-default-libstdcxx-abi=new --enable-gnu-unique-object --disable-vtable-verify --enable-libmpx --enable-plugin --with-system-zlib --disable-browser-plugin --enable-java-awt=gtk --enable-gtk-cairo --with-java-home=/usr/lib/jvm/java-1.5.0-gcj-5-amd64/jre --enable-java-home --with-jvm-root-dir=/usr/lib/jvm/java-1.5.0-gcj-5-amd64 --with-jvm-jar-dir=/usr/lib/jvm-exports/java-1.5.0-gcj-5-amd64 --with-arch-directory=amd64 --with-ecj-jar=/usr/share/java/eclipse-ecj.jar --enable-objc-gc --enable-multiarch --disable-werror --with-arch-32=i686 --with-abi=m64 --with-multilib-list=m32,m64,mx32 --enable-multilib --with-tune=generic --enable-checking=release --build=x86_64-linux-gnu --host=x86_64-linux-gnu --target=x86_64-linux-gnu]
  ignore line: [Thread model: posix]
  ignore line: [gcc version 5.4.0 20160609 (Ubuntu 5.4.0-6ubuntu1~16.04.10) ]
  ignore line: [COMPILER_PATH=/usr/lib/gcc/x86_64-linux-gnu/5/:/usr/lib/gcc/x86_64-linux-gnu/5/:/usr/lib/gcc/x86_64-linux-gnu/:/usr/lib/gcc/x86_64-linux-gnu/5/:/usr/lib/gcc/x86_64-linux-gnu/]
  ignore line: [LIBRARY_PATH=/usr/lib/gcc/x86_64-linux-gnu/5/:/usr/lib/gcc/x86_64-linux-gnu/5/../../../x86_64-linux-gnu/:/usr/lib/gcc/x86_64-linux-gnu/5/../../../../lib/:/lib/x86_64-linux-gnu/:/lib/../lib/:/usr/lib/x86_64-linux-gnu/:/usr/lib/../lib/:/usr/lib/gcc/x86_64-linux-gnu/5/../../../:/lib/:/usr/lib/]
  ignore line: [COLLECT_GCC_OPTIONS='-v' '-rdynamic' '-o' 'cmTC_65550' '-mtune=generic' '-march=x86-64']
  link line: [ /usr/lib/gcc/x86_64-linux-gnu/5/collect2 -plugin /usr/lib/gcc/x86_64-linux-gnu/5/liblto_plugin.so -plugin-opt=/usr/lib/gcc/x86_64-linux-gnu/5/lto-wrapper -plugin-opt=-fresolution=/tmp/ccOtfQh3.res -plugin-opt=-pass-through=-lgcc -plugin-opt=-pass-through=-lgcc_s -plugin-opt=-pass-through=-lc -plugin-opt=-pass-through=-lgcc -plugin-opt=-pass-through=-lgcc_s --sysroot=/ --build-id --eh-frame-hdr -m elf_x86_64 --hash-style=gnu --as-needed -export-dynamic -dynamic-linker /lib64/ld-linux-x86-64.so.2 -z relro -o cmTC_65550 /usr/lib/gcc/x86_64-linux-gnu/5/../../../x86_64-linux-gnu/crt1.o /usr/lib/gcc/x86_64-linux-gnu/5/../../../x86_64-linux-gnu/crti.o /usr/lib/gcc/x86_64-linux-gnu/5/crtbegin.o -L/usr/lib/gcc/x86_64-linux-gnu/5 -L/usr/lib/gcc/x86_64-linux-gnu/5/../../../x86_64-linux-gnu -L/usr/lib/gcc/x86_64-linux-gnu/5/../../../../lib -L/lib/x86_64-linux-gnu -L/lib/../lib -L/usr/lib/x86_64-linux-gnu -L/usr/lib/../lib -L/usr/lib/gcc/x86_64-linux-gnu/5/../../.. CMakeFiles/cmTC_65550.dir/CMakeCCompilerABI.c.o -lgcc --as-needed -lgcc_s --no-as-needed -lc -lgcc --as-needed -lgcc_s --no-as-needed /usr/lib/gcc/x86_64-linux-gnu/5/crtend.o /usr/lib/gcc/x86_64-linux-gnu/5/../../../x86_64-linux-gnu/crtn.o]
    arg [/usr/lib/gcc/x86_64-linux-gnu/5/collect2] ==> ignore
    arg [-plugin] ==> ignore
    arg [/usr/lib/gcc/x86_64-linux-gnu/5/liblto_plugin.so] ==> ignore
    arg [-plugin-opt=/usr/lib/gcc/x86_64-linux-gnu/5/lto-wrapper] ==> ignore
    arg [-plugin-opt=-fresolution=/tmp/ccOtfQh3.res] ==> ignore
    arg [-plugin-opt=-pass-through=-lgcc] ==> ignore
    arg [-plugin-opt=-pass-through=-lgcc_s] ==> ignore
    arg [-plugin-opt=-pass-through=-lc] ==> ignore
    arg [-plugin-opt=-pass-through=-lgcc] ==> ignore
    arg [-plugin-opt=-pass-through=-lgcc_s] ==> ignore
    arg [--sysroot=/] ==> ignore
    arg [--build-id] ==> ignore
    arg [--eh-frame-hdr] ==> ignore
    arg [-m] ==> ignore
    arg [elf_x86_64] ==> ignore
    arg [--hash-style=gnu] ==> ignore
    arg [--as-needed] ==> ignore
    arg [-export-dynamic] ==> ignore
    arg [-dynamic-linker] ==> ignore
    arg [/lib64/ld-linux-x86-64.so.2] ==> ignore
    arg [-zrelro] ==> ignore
    arg [-o] ==> ignore
    arg [cmTC_65550] ==> ignore
    arg [/usr/lib/gcc/x86_64-linux-gnu/5/../../../x86_64-linux-gnu/crt1.o] ==> ignore
    arg [/usr/lib/gcc/x86_64-linux-gnu/5/../../../x86_64-linux-gnu/crti.o] ==> ignore
    arg [/usr/lib/gcc/x86_64-linux-gnu/5/crtbegin.o] ==> ignore
    arg [-L/usr/lib/gcc/x86_64-linux-gnu/5] ==> dir [/usr/lib/gcc/x86_64-linux-gnu/5]
    arg [-L/usr/lib/gcc/x86_64-linux-gnu/5/../../../x86_64-linux-gnu] ==> dir [/usr/lib/gcc/x86_64-linux-gnu/5/../../../x86_64-linux-gnu]
    arg [-L/usr/lib/gcc/x86_64-linux-gnu/5/../../../../lib] ==> dir [/usr/lib/gcc/x86_64-linux-gnu/5/../../../../lib]
    arg [-L/lib/x86_64-linux-gnu] ==> dir [/lib/x86_64-linux-gnu]
    arg [-L/lib/../lib] ==> dir [/lib/../lib]
    arg [-L/usr/lib/x86_64-linux-gnu] ==> dir [/usr/lib/x86_64-linux-gnu]
    arg [-L/usr/lib/../lib] ==> dir [/usr/lib/../lib]
    arg [-L/usr/lib/gcc/x86_64-linux-gnu/5/../../..] ==> dir [/usr/lib/gcc/x86_64-linux-gnu/5/../../..]
    arg [CMakeFiles/cmTC_65550.dir/CMakeCCompilerABI.c.o] ==> ignore
    arg [-lgcc] ==> lib [gcc]
    arg [--as-needed] ==> ignore
    arg [-lgcc_s] ==> lib [gcc_s]
    arg [--no-as-needed] ==> ignore
    arg [-lc] ==> lib [c]
    arg [-lgcc] ==> lib [gcc]
    arg [--as-needed] ==> ignore
    arg [-lgcc_s] ==> lib [gcc_s]
    arg [--no-as-needed] ==> ignore
    arg [/usr/lib/gcc/x86_64-linux-gnu/5/crtend.o] ==> ignore
    arg [/usr/lib/gcc/x86_64-linux-gnu/5/../../../x86_64-linux-gnu/crtn.o] ==> ignore
  collapse library dir [/usr/lib/gcc/x86_64-linux-gnu/5] ==> [/usr/lib/gcc/x86_64-linux-gnu/5]
  collapse library dir [/usr/lib/gcc/x86_64-linux-gnu/5/../../../x86_64-linux-gnu] ==> [/usr/lib/x86_64-linux-gnu]
  collapse library dir [/usr/lib/gcc/x86_64-linux-gnu/5/../../../../lib] ==> [/usr/lib]
  collapse library dir [/lib/x86_64-linux-gnu] ==> [/lib/x86_64-linux-gnu]
  collapse library dir [/lib/../lib] ==> [/lib]
  collapse library dir [/usr/lib/x86_64-linux-gnu] ==> [/usr/lib/x86_64-linux-gnu]
  collapse library dir [/usr/lib/../lib] ==> [/usr/lib]
  collapse library dir [/usr/lib/gcc/x86_64-linux-gnu/5/../../..] ==> [/usr/lib]
  implicit libs: [gcc;gcc_s;c;gcc;gcc_s]
  implicit dirs: [/usr/lib/gcc/x86_64-linux-gnu/5;/usr/lib/x86_64-linux-gnu;/usr/lib;/lib/x86_64-linux-gnu;/lib]
  implicit fwks: []




Detecting C [-std=c11] compiler features compiled with the following output:
Change Dir: /home/warproxxx/Desktop/Projects/StorageX/Monero/StorageX-miner/cmake_build/CMakeFiles/CMakeTmp

Run Build Command:"/usr/bin/make" "cmTC_a69f2/fast"
/usr/bin/make -f CMakeFiles/cmTC_a69f2.dir/build.make CMakeFiles/cmTC_a69f2.dir/build
make[1]: Entering directory '/home/warproxxx/Desktop/Projects/StorageX/Monero/StorageX-miner/cmake_build/CMakeFiles/CMakeTmp'
Building C object CMakeFiles/cmTC_a69f2.dir/feature_tests.c.o
/usr/bin/cc   -std=c11 -o CMakeFiles/cmTC_a69f2.dir/feature_tests.c.o   -c /home/warproxxx/Desktop/Projects/StorageX/Monero/StorageX-miner/cmake_build/CMakeFiles/feature_tests.c
Linking C executable cmTC_a69f2
/home/warproxxx/Downloads/cmake-3.12.3/bin/cmake -E cmake_link_script CMakeFiles/cmTC_a69f2.dir/link.txt --verbose=1
/usr/bin/cc      -rdynamic CMakeFiles/cmTC_a69f2.dir/feature_tests.c.o  -o cmTC_a69f2 
make[1]: Leaving directory '/home/warproxxx/Desktop/Projects/StorageX/Monero/StorageX-miner/cmake_build/CMakeFiles/CMakeTmp'


    Feature record: C_FEATURE:1c_function_prototypes
    Feature record: C_FEATURE:1c_restrict
    Feature record: C_FEATURE:1c_static_assert
    Feature record: C_FEATURE:1c_variadic_macros


Detecting C [-std=c99] compiler features compiled with the following output:
Change Dir: /home/warproxxx/Desktop/Projects/StorageX/Monero/StorageX-miner/cmake_build/CMakeFiles/CMakeTmp

Run Build Command:"/usr/bin/make" "cmTC_b3d15/fast"
/usr/bin/make -f CMakeFiles/cmTC_b3d15.dir/build.make CMakeFiles/cmTC_b3d15.dir/build
make[1]: Entering directory '/home/warproxxx/Desktop/Projects/StorageX/Monero/StorageX-miner/cmake_build/CMakeFiles/CMakeTmp'
Building C object CMakeFiles/cmTC_b3d15.dir/feature_tests.c.o
/usr/bin/cc   -std=c99 -o CMakeFiles/cmTC_b3d15.dir/feature_tests.c.o   -c /home/warproxxx/Desktop/Projects/StorageX/Monero/StorageX-miner/cmake_build/CMakeFiles/feature_tests.c
Linking C executable cmTC_b3d15
/home/warproxxx/Downloads/cmake-3.12.3/bin/cmake -E cmake_link_script CMakeFiles/cmTC_b3d15.dir/link.txt --verbose=1
/usr/bin/cc      -rdynamic CMakeFiles/cmTC_b3d15.dir/feature_tests.c.o  -o cmTC_b3d15 
make[1]: Leaving directory '/home/warproxxx/Desktop/Projects/StorageX/Monero/StorageX-miner/cmake_build/CMakeFiles/CMakeTmp'


    Feature record: C_FEATURE:1c_function_prototypes
    Feature record: C_FEATURE:1c_restrict
    Feature record: C_FEATURE:0c_static_assert
    Feature record: C_FEATURE:1c_variadic_macros


Detecting C [-std=c90] compiler features compiled with the following output:
Change Dir: /home/warproxxx/Desktop/Projects/StorageX/Monero/StorageX-miner/cmake_build/CMakeFiles/CMakeTmp

Run Build Command:"/usr/bin/make" "cmTC_c9903/fast"
/usr/bin/make -f CMakeFiles/cmTC_c9903.dir/build.make CMakeFiles/cmTC_c9903.dir/build
make[1]: Entering directory '/home/warproxxx/Desktop/Projects/StorageX/Monero/StorageX-miner/cmake_build/CMakeFiles/CMakeTmp'
Building C object CMakeFiles/cmTC_c9903.dir/feature_tests.c.o
/usr/bin/cc   -std=c90 -o CMakeFiles/cmTC_c9903.dir/feature_tests.c.o   -c /home/warproxxx/Desktop/Projects/StorageX/Monero/StorageX-miner/cmake_build/CMakeFiles/feature_tests.c
Linking C executable cmTC_c9903
/home/warproxxx/Downloads/cmake-3.12.3/bin/cmake -E cmake_link_script CMakeFiles/cmTC_c9903.dir/link.txt --verbose=1
/usr/bin/cc      -rdynamic CMakeFiles/cmTC_c9903.dir/feature_tests.c.o  -o cmTC_c9903 
make[1]: Leaving directory '/home/warproxxx/Desktop/Projects/StorageX/Monero/StorageX-miner/cmake_build/CMakeFiles/CMakeTmp'


    Feature record: C_FEATURE:1c_function_prototypes
    Feature record: C_FEATURE:0c_restrict
    Feature record: C_FEATURE:0c_static_assert
    Feature record: C_FEATURE:0c_variadic_macros
Determining if the CXX compiler works passed with the following output:
Change Dir: /home/warproxxx/Desktop/Projects/StorageX/Monero/StorageX-miner/cmake_build/CMakeFiles/CMakeTmp

Run Build Command:"/usr/bin/make" "cmTC_a029f/fast"
/usr/bin/make -f CMakeFiles/cmTC_a029f.dir/build.make CMakeFiles/cmTC_a029f.dir/build
make[1]: Entering directory '/home/warproxxx/Desktop/Projects/StorageX/Monero/StorageX-miner/cmake_build/CMakeFiles/CMakeTmp'
Building CXX object CMakeFiles/cmTC_a029f.dir/testCXXCompiler.cxx.o
/usr/bin/c++     -o CMakeFiles/cmTC_a029f.dir/testCXXCompiler.cxx.o -c /home/warproxxx/Desktop/Projects/StorageX/Monero/StorageX-miner/cmake_build/CMakeFiles/CMakeTmp/testCXXCompiler.cxx
Linking CXX executable cmTC_a029f
/home/warproxxx/Downloads/cmake-3.12.3/bin/cmake -E cmake_link_script CMakeFiles/cmTC_a029f.dir/link.txt --verbose=1
/usr/bin/c++       -rdynamic CMakeFiles/cmTC_a029f.dir/testCXXCompiler.cxx.o  -o cmTC_a029f 
make[1]: Leaving directory '/home/warproxxx/Desktop/Projects/StorageX/Monero/StorageX-miner/cmake_build/CMakeFiles/CMakeTmp'


Detecting CXX compiler ABI info compiled with the following output:
Change Dir: /home/warproxxx/Desktop/Projects/StorageX/Monero/StorageX-miner/cmake_build/CMakeFiles/CMakeTmp

Run Build Command:"/usr/bin/make" "cmTC_b6c91/fast"
/usr/bin/make -f CMakeFiles/cmTC_b6c91.dir/build.make CMakeFiles/cmTC_b6c91.dir/build
make[1]: Entering directory '/home/warproxxx/Desktop/Projects/StorageX/Monero/StorageX-miner/cmake_build/CMakeFiles/CMakeTmp'
Building CXX object CMakeFiles/cmTC_b6c91.dir/CMakeCXXCompilerABI.cpp.o
/usr/bin/c++     -o CMakeFiles/cmTC_b6c91.dir/CMakeCXXCompilerABI.cpp.o -c /home/warproxxx/Downloads/cmake-3.12.3/Modules/CMakeCXXCompilerABI.cpp
Linking CXX executable cmTC_b6c91
/home/warproxxx/Downloads/cmake-3.12.3/bin/cmake -E cmake_link_script CMakeFiles/cmTC_b6c91.dir/link.txt --verbose=1
/usr/bin/c++      -v -rdynamic CMakeFiles/cmTC_b6c91.dir/CMakeCXXCompilerABI.cpp.o  -o cmTC_b6c91 
Using built-in specs.
COLLECT_GCC=/usr/bin/c++
COLLECT_LTO_WRAPPER=/usr/lib/gcc/x86_64-linux-gnu/5/lto-wrapper
Target: x86_64-linux-gnu
Configured with: ../src/configure -v --with-pkgversion='Ubuntu 5.4.0-6ubuntu1~16.04.10' --with-bugurl=file:///usr/share/doc/gcc-5/README.Bugs --enable-languages=c,ada,c++,java,go,d,fortran,objc,obj-c++ --prefix=/usr --program-suffix=-5 --enable-shared --enable-linker-build-id --libexecdir=/usr/lib --without-included-gettext --enable-threads=posix --libdir=/usr/lib --enable-nls --with-sysroot=/ --enable-clocale=gnu --enable-libstdcxx-debug --enable-libstdcxx-time=yes --with-default-libstdcxx-abi=new --enable-gnu-unique-object --disable-vtable-verify --enable-libmpx --enable-plugin --with-system-zlib --disable-browser-plugin --enable-java-awt=gtk --enable-gtk-cairo --with-java-home=/usr/lib/jvm/java-1.5.0-gcj-5-amd64/jre --enable-java-home --with-jvm-root-dir=/usr/lib/jvm/java-1.5.0-gcj-5-amd64 --with-jvm-jar-dir=/usr/lib/jvm-exports/java-1.5.0-gcj-5-amd64 --with-arch-directory=amd64 --with-ecj-jar=/usr/share/java/eclipse-ecj.jar --enable-objc-gc --enable-multiarch --disable-werror --with-arch-32=i686 --with-abi=m64 --with-multilib-list=m32,m64,mx32 --enable-multilib --with-tune=generic --enable-checking=release --build=x86_64-linux-gnu --host=x86_64-linux-gnu --target=x86_64-linux-gnu
Thread model: posix
gcc version 5.4.0 20160609 (Ubuntu 5.4.0-6ubuntu1~16.04.10) 
COMPILER_PATH=/usr/lib/gcc/x86_64-linux-gnu/5/:/usr/lib/gcc/x86_64-linux-gnu/5/:/usr/lib/gcc/x86_64-linux-gnu/:/usr/lib/gcc/x86_64-linux-gnu/5/:/usr/lib/gcc/x86_64-linux-gnu/
LIBRARY_PATH=/usr/lib/gcc/x86_64-linux-gnu/5/:/usr/lib/gcc/x86_64-linux-gnu/5/../../../x86_64-linux-gnu/:/usr/lib/gcc/x86_64-linux-gnu/5/../../../../lib/:/lib/x86_64-linux-gnu/:/lib/../lib/:/usr/lib/x86_64-linux-gnu/:/usr/lib/../lib/:/usr/lib/gcc/x86_64-linux-gnu/5/../../../:/lib/:/usr/lib/
COLLECT_GCC_OPTIONS='-v' '-rdynamic' '-o' 'cmTC_b6c91' '-shared-libgcc' '-mtune=generic' '-march=x86-64'
 /usr/lib/gcc/x86_64-linux-gnu/5/collect2 -plugin /usr/lib/gcc/x86_64-linux-gnu/5/liblto_plugin.so -plugin-opt=/usr/lib/gcc/x86_64-linux-gnu/5/lto-wrapper -plugin-opt=-fresolution=/tmp/ccRXomwr.res -plugin-opt=-pass-through=-lgcc_s -plugin-opt=-pass-through=-lgcc -plugin-opt=-pass-through=-lc -plugin-opt=-pass-through=-lgcc_s -plugin-opt=-pass-through=-lgcc --sysroot=/ --build-id --eh-frame-hdr -m elf_x86_64 --hash-style=gnu --as-needed -export-dynamic -dynamic-linker /lib64/ld-linux-x86-64.so.2 -z relro -o cmTC_b6c91 /usr/lib/gcc/x86_64-linux-gnu/5/../../../x86_64-linux-gnu/crt1.o /usr/lib/gcc/x86_64-linux-gnu/5/../../../x86_64-linux-gnu/crti.o /usr/lib/gcc/x86_64-linux-gnu/5/crtbegin.o -L/usr/lib/gcc/x86_64-linux-gnu/5 -L/usr/lib/gcc/x86_64-linux-gnu/5/../../../x86_64-linux-gnu -L/usr/lib/gcc/x86_64-linux-gnu/5/../../../../lib -L/lib/x86_64-linux-gnu -L/lib/../lib -L/usr/lib/x86_64-linux-gnu -L/usr/lib/../lib -L/usr/lib/gcc/x86_64-linux-gnu/5/../../.. CMakeFiles/cmTC_b6c91.dir/CMakeCXXCompilerABI.cpp.o -lstdc++ -lm -lgcc_s -lgcc -lc -lgcc_s -lgcc /usr/lib/gcc/x86_64-linux-gnu/5/crtend.o /usr/lib/gcc/x86_64-linux-gnu/5/../../../x86_64-linux-gnu/crtn.o
make[1]: Leaving directory '/home/warproxxx/Desktop/Projects/StorageX/Monero/StorageX-miner/cmake_build/CMakeFiles/CMakeTmp'


Parsed CXX implicit link information from above output:
  link line regex: [^( *|.*[/\])(ld|CMAKE_LINK_STARTFILE-NOTFOUND|([^/\]+-)?ld|collect2)[^/\]*( |$)]
  ignore line: [Change Dir: /home/warproxxx/Desktop/Projects/StorageX/Monero/StorageX-miner/cmake_build/CMakeFiles/CMakeTmp]
  ignore line: []
  ignore line: [Run Build Command:"/usr/bin/make" "cmTC_b6c91/fast"]
  ignore line: [/usr/bin/make -f CMakeFiles/cmTC_b6c91.dir/build.make CMakeFiles/cmTC_b6c91.dir/build]
  ignore line: [make[1]: Entering directory '/home/warproxxx/Desktop/Projects/StorageX/Monero/StorageX-miner/cmake_build/CMakeFiles/CMakeTmp']
  ignore line: [Building CXX object CMakeFiles/cmTC_b6c91.dir/CMakeCXXCompilerABI.cpp.o]
  ignore line: [/usr/bin/c++     -o CMakeFiles/cmTC_b6c91.dir/CMakeCXXCompilerABI.cpp.o -c /home/warproxxx/Downloads/cmake-3.12.3/Modules/CMakeCXXCompilerABI.cpp]
  ignore line: [Linking CXX executable cmTC_b6c91]
  ignore line: [/home/warproxxx/Downloads/cmake-3.12.3/bin/cmake -E cmake_link_script CMakeFiles/cmTC_b6c91.dir/link.txt --verbose=1]
  ignore line: [/usr/bin/c++      -v -rdynamic CMakeFiles/cmTC_b6c91.dir/CMakeCXXCompilerABI.cpp.o  -o cmTC_b6c91 ]
  ignore line: [Using built-in specs.]
  ignore line: [COLLECT_GCC=/usr/bin/c++]
  ignore line: [COLLECT_LTO_WRAPPER=/usr/lib/gcc/x86_64-linux-gnu/5/lto-wrapper]
  ignore line: [Target: x86_64-linux-gnu]
  ignore line: [Configured with: ../src/configure -v --with-pkgversion='Ubuntu 5.4.0-6ubuntu1~16.04.10' --with-bugurl=file:///usr/share/doc/gcc-5/README.Bugs --enable-languages=c,ada,c++,java,go,d,fortran,objc,obj-c++ --prefix=/usr --program-suffix=-5 --enable-shared --enable-linker-build-id --libexecdir=/usr/lib --without-included-gettext --enable-threads=posix --libdir=/usr/lib --enable-nls --with-sysroot=/ --enable-clocale=gnu --enable-libstdcxx-debug --enable-libstdcxx-time=yes --with-default-libstdcxx-abi=new --enable-gnu-unique-object --disable-vtable-verify --enable-libmpx --enable-plugin --with-system-zlib --disable-browser-plugin --enable-java-awt=gtk --enable-gtk-cairo --with-java-home=/usr/lib/jvm/java-1.5.0-gcj-5-amd64/jre --enable-java-home --with-jvm-root-dir=/usr/lib/jvm/java-1.5.0-gcj-5-amd64 --with-jvm-jar-dir=/usr/lib/jvm-exports/java-1.5.0-gcj-5-amd64 --with-arch-directory=amd64 --with-ecj-jar=/usr/share/java/eclipse-ecj.jar --enable-objc-gc --enable-multiarch --disable-werror --with-arch-32=i686 --with-abi=m64 --with-multilib-list=m32,m64,mx32 --enable-multilib --with-tune=generic --enable-checking=release --build=x86_64-linux-gnu --host=x86_64-linux-gnu --target=x86_64-linux-gnu]
  ignore line: [Thread model: posix]
  ignore line: [gcc version 5.4.0 20160609 (Ubuntu 5.4.0-6ubuntu1~16.04.10) ]
  ignore line: [COMPILER_PATH=/usr/lib/gcc/x86_64-linux-gnu/5/:/usr/lib/gcc/x86_64-linux-gnu/5/:/usr/lib/gcc/x86_64-linux-gnu/:/usr/lib/gcc/x86_64-linux-gnu/5/:/usr/lib/gcc/x86_64-linux-gnu/]
  ignore line: [LIBRARY_PATH=/usr/lib/gcc/x86_64-linux-gnu/5/:/usr/lib/gcc/x86_64-linux-gnu/5/../../../x86_64-linux-gnu/:/usr/lib/gcc/x86_64-linux-gnu/5/../../../../lib/:/lib/x86_64-linux-gnu/:/lib/../lib/:/usr/lib/x86_64-linux-gnu/:/usr/lib/../lib/:/usr/lib/gcc/x86_64-linux-gnu/5/../../../:/lib/:/usr/lib/]
  ignore line: [COLLECT_GCC_OPTIONS='-v' '-rdynamic' '-o' 'cmTC_b6c91' '-shared-libgcc' '-mtune=generic' '-march=x86-64']
  link line: [ /usr/lib/gcc/x86_64-linux-gnu/5/collect2 -plugin /usr/lib/gcc/x86_64-linux-gnu/5/liblto_plugin.so -plugin-opt=/usr/lib/gcc/x86_64-linux-gnu/5/lto-wrapper -plugin-opt=-fresolution=/tmp/ccRXomwr.res -plugin-opt=-pass-through=-lgcc_s -plugin-opt=-pass-through=-lgcc -plugin-opt=-pass-through=-lc -plugin-opt=-pass-through=-lgcc_s -plugin-opt=-pass-through=-lgcc --sysroot=/ --build-id --eh-frame-hdr -m elf_x86_64 --hash-style=gnu --as-needed -export-dynamic -dynamic-linker /lib64/ld-linux-x86-64.so.2 -z relro -o cmTC_b6c91 /usr/lib/gcc/x86_64-linux-gnu/5/../../../x86_64-linux-gnu/crt1.o /usr/lib/gcc/x86_64-linux-gnu/5/../../../x86_64-linux-gnu/crti.o /usr/lib/gcc/x86_64-linux-gnu/5/crtbegin.o -L/usr/lib/gcc/x86_64-linux-gnu/5 -L/usr/lib/gcc/x86_64-linux-gnu/5/../../../x86_64-linux-gnu -L/usr/lib/gcc/x86_64-linux-gnu/5/../../../../lib -L/lib/x86_64-linux-gnu -L/lib/../lib -L/usr/lib/x86_64-linux-gnu -L/usr/lib/../lib -L/usr/lib/gcc/x86_64-linux-gnu/5/../../.. CMakeFiles/cmTC_b6c91.dir/CMakeCXXCompilerABI.cpp.o -lstdc++ -lm -lgcc_s -lgcc -lc -lgcc_s -lgcc /usr/lib/gcc/x86_64-linux-gnu/5/crtend.o /usr/lib/gcc/x86_64-linux-gnu/5/../../../x86_64-linux-gnu/crtn.o]
    arg [/usr/lib/gcc/x86_64-linux-gnu/5/collect2] ==> ignore
    arg [-plugin] ==> ignore
    arg [/usr/lib/gcc/x86_64-linux-gnu/5/liblto_plugin.so] ==> ignore
    arg [-plugin-opt=/usr/lib/gcc/x86_64-linux-gnu/5/lto-wrapper] ==> ignore
    arg [-plugin-opt=-fresolution=/tmp/ccRXomwr.res] ==> ignore
    arg [-plugin-opt=-pass-through=-lgcc_s] ==> ignore
    arg [-plugin-opt=-pass-through=-lgcc] ==> ignore
    arg [-plugin-opt=-pass-through=-lc] ==> ignore
    arg [-plugin-opt=-pass-through=-lgcc_s] ==> ignore
    arg [-plugin-opt=-pass-through=-lgcc] ==> ignore
    arg [--sysroot=/] ==> ignore
    arg [--build-id] ==> ignore
    arg [--eh-frame-hdr] ==> ignore
    arg [-m] ==> ignore
    arg [elf_x86_64] ==> ignore
    arg [--hash-style=gnu] ==> ignore
    arg [--as-needed] ==> ignore
    arg [-export-dynamic] ==> ignore
    arg [-dynamic-linker] ==> ignore
    arg [/lib64/ld-linux-x86-64.so.2] ==> ignore
    arg [-zrelro] ==> ignore
    arg [-o] ==> ignore
    arg [cmTC_b6c91] ==> ignore
    arg [/usr/lib/gcc/x86_64-linux-gnu/5/../../../x86_64-linux-gnu/crt1.o] ==> ignore
    arg [/usr/lib/gcc/x86_64-linux-gnu/5/../../../x86_64-linux-gnu/crti.o] ==> ignore
    arg [/usr/lib/gcc/x86_64-linux-gnu/5/crtbegin.o] ==> ignore
    arg [-L/usr/lib/gcc/x86_64-linux-gnu/5] ==> dir [/usr/lib/gcc/x86_64-linux-gnu/5]
    arg [-L/usr/lib/gcc/x86_64-linux-gnu/5/../../../x86_64-linux-gnu] ==> dir [/usr/lib/gcc/x86_64-linux-gnu/5/../../../x86_64-linux-gnu]
    arg [-L/usr/lib/gcc/x86_64-linux-gnu/5/../../../../lib] ==> dir [/usr/lib/gcc/x86_64-linux-gnu/5/../../../../lib]
    arg [-L/lib/x86_64-linux-gnu] ==> dir [/lib/x86_64-linux-gnu]
    arg [-L/lib/../lib] ==> dir [/lib/../lib]
    arg [-L/usr/lib/x86_64-linux-gnu] ==> dir [/usr/lib/x86_64-linux-gnu]
    arg [-L/usr/lib/../lib] ==> dir [/usr/lib/../lib]
    arg [-L/usr/lib/gcc/x86_64-linux-gnu/5/../../..] ==> dir [/usr/lib/gcc/x86_64-linux-gnu/5/../../..]
    arg [CMakeFiles/cmTC_b6c91.dir/CMakeCXXCompilerABI.cpp.o] ==> ignore
    arg [-lstdc++] ==> lib [stdc++]
    arg [-lm] ==> lib [m]
    arg [-lgcc_s] ==> lib [gcc_s]
    arg [-lgcc] ==> lib [gcc]
    arg [-lc] ==> lib [c]
    arg [-lgcc_s] ==> lib [gcc_s]
    arg [-lgcc] ==> lib [gcc]
    arg [/usr/lib/gcc/x86_64-linux-gnu/5/crtend.o] ==> ignore
    arg [/usr/lib/gcc/x86_64-linux-gnu/5/../../../x86_64-linux-gnu/crtn.o] ==> ignore
  collapse library dir [/usr/lib/gcc/x86_64-linux-gnu/5] ==> [/usr/lib/gcc/x86_64-linux-gnu/5]
  collapse library dir [/usr/lib/gcc/x86_64-linux-gnu/5/../../../x86_64-linux-gnu] ==> [/usr/lib/x86_64-linux-gnu]
  collapse library dir [/usr/lib/gcc/x86_64-linux-gnu/5/../../../../lib] ==> [/usr/lib]
  collapse library dir [/lib/x86_64-linux-gnu] ==> [/lib/x86_64-linux-gnu]
  collapse library dir [/lib/../lib] ==> [/lib]
  collapse library dir [/usr/lib/x86_64-linux-gnu] ==> [/usr/lib/x86_64-linux-gnu]
  collapse library dir [/usr/lib/../lib] ==> [/usr/lib]
  collapse library dir [/usr/lib/gcc/x86_64-linux-gnu/5/../../..] ==> [/usr/lib]
  implicit libs: [stdc++;m;gcc_s;gcc;c;gcc_s;gcc]
  implicit dirs: [/usr/lib/gcc/x86_64-linux-gnu/5;/usr/lib/x86_64-linux-gnu;/usr/lib;/lib/x86_64-linux-gnu;/lib]
  implicit fwks: []




Detecting CXX [-std=c++1z] compiler features compiled with the following output:
Change Dir: /home/warproxxx/Desktop/Projects/StorageX/Monero/StorageX-miner/cmake_build/CMakeFiles/CMakeTmp

Run Build Command:"/usr/bin/make" "cmTC_5aec2/fast"
/usr/bin/make -f CMakeFiles/cmTC_5aec2.dir/build.make CMakeFiles/cmTC_5aec2.dir/build
make[1]: Entering directory '/home/warproxxx/Desktop/Projects/StorageX/Monero/StorageX-miner/cmake_build/CMakeFiles/CMakeTmp'
Building CXX object CMakeFiles/cmTC_5aec2.dir/feature_tests.cxx.o
/usr/bin/c++    -std=c++1z -o CMakeFiles/cmTC_5aec2.dir/feature_tests.cxx.o -c /home/warproxxx/Desktop/Projects/StorageX/Monero/StorageX-miner/cmake_build/CMakeFiles/feature_tests.cxx
Linking CXX executable cmTC_5aec2
/home/warproxxx/Downloads/cmake-3.12.3/bin/cmake -E cmake_link_script CMakeFiles/cmTC_5aec2.dir/link.txt --verbose=1
/usr/bin/c++       -rdynamic CMakeFiles/cmTC_5aec2.dir/feature_tests.cxx.o  -o cmTC_5aec2 
make[1]: Leaving directory '/home/warproxxx/Desktop/Projects/StorageX/Monero/StorageX-miner/cmake_build/CMakeFiles/CMakeTmp'


    Feature record: CXX_FEATURE:1cxx_aggregate_default_initializers
    Feature record: CXX_FEATURE:1cxx_alias_templates
    Feature record: CXX_FEATURE:1cxx_alignas
    Feature record: CXX_FEATURE:1cxx_alignof
    Feature record: CXX_FEATURE:1cxx_attributes
    Feature record: CXX_FEATURE:1cxx_attribute_deprecated
    Feature record: CXX_FEATURE:1cxx_auto_type
    Feature record: CXX_FEATURE:1cxx_binary_literals
    Feature record: CXX_FEATURE:1cxx_constexpr
    Feature record: CXX_FEATURE:1cxx_contextual_conversions
    Feature record: CXX_FEATURE:1cxx_decltype
    Feature record: CXX_FEATURE:1cxx_decltype_auto
    Feature record: CXX_FEATURE:1cxx_decltype_incomplete_return_types
    Feature record: CXX_FEATURE:1cxx_default_function_template_args
    Feature record: CXX_FEATURE:1cxx_defaulted_functions
    Feature record: CXX_FEATURE:1cxx_defaulted_move_initializers
    Feature record: CXX_FEATURE:1cxx_delegating_constructors
    Feature record: CXX_FEATURE:1cxx_deleted_functions
    Feature record: CXX_FEATURE:1cxx_digit_separators
    Feature record: CXX_FEATURE:1cxx_enum_forward_declarations
    Feature record: CXX_FEATURE:1cxx_explicit_conversions
    Feature record: CXX_FEATURE:1cxx_extended_friend_declarations
    Feature record: CXX_FEATURE:1cxx_extern_templates
    Feature record: CXX_FEATURE:1cxx_final
    Feature record: CXX_FEATURE:1cxx_func_identifier
    Feature record: CXX_FEATURE:1cxx_generalized_initializers
    Feature record: CXX_FEATURE:1cxx_generic_lambdas
    Feature record: CXX_FEATURE:1cxx_inheriting_constructors
    Feature record: CXX_FEATURE:1cxx_inline_namespaces
    Feature record: CXX_FEATURE:1cxx_lambdas
    Feature record: CXX_FEATURE:1cxx_lambda_init_captures
    Feature record: CXX_FEATURE:1cxx_local_type_template_args
    Feature record: CXX_FEATURE:1cxx_long_long_type
    Feature record: CXX_FEATURE:1cxx_noexcept
    Feature record: CXX_FEATURE:1cxx_nonstatic_member_init
    Feature record: CXX_FEATURE:1cxx_nullptr
    Feature record: CXX_FEATURE:1cxx_override
    Feature record: CXX_FEATURE:1cxx_range_for
    Feature record: CXX_FEATURE:1cxx_raw_string_literals
    Feature record: CXX_FEATURE:1cxx_reference_qualified_functions
    Feature record: CXX_FEATURE:1cxx_relaxed_constexpr
    Feature record: CXX_FEATURE:1cxx_return_type_deduction
    Feature record: CXX_FEATURE:1cxx_right_angle_brackets
    Feature record: CXX_FEATURE:1cxx_rvalue_references
    Feature record: CXX_FEATURE:1cxx_sizeof_member
    Feature record: CXX_FEATURE:1cxx_static_assert
    Feature record: CXX_FEATURE:1cxx_strong_enums
    Feature record: CXX_FEATURE:1cxx_template_template_parameters
    Feature record: CXX_FEATURE:1cxx_thread_local
    Feature record: CXX_FEATURE:1cxx_trailing_return_types
    Feature record: CXX_FEATURE:1cxx_unicode_literals
    Feature record: CXX_FEATURE:1cxx_uniform_initialization
    Feature record: CXX_FEATURE:1cxx_unrestricted_unions
    Feature record: CXX_FEATURE:1cxx_user_literals
    Feature record: CXX_FEATURE:1cxx_variable_templates
    Feature record: CXX_FEATURE:1cxx_variadic_macros
    Feature record: CXX_FEATURE:1cxx_variadic_templates


Detecting CXX [-std=c++14] compiler features compiled with the following output:
Change Dir: /home/warproxxx/Desktop/Projects/StorageX/Monero/StorageX-miner/cmake_build/CMakeFiles/CMakeTmp

Run Build Command:"/usr/bin/make" "cmTC_3a2a5/fast"
/usr/bin/make -f CMakeFiles/cmTC_3a2a5.dir/build.make CMakeFiles/cmTC_3a2a5.dir/build
make[1]: Entering directory '/home/warproxxx/Desktop/Projects/StorageX/Monero/StorageX-miner/cmake_build/CMakeFiles/CMakeTmp'
Building CXX object CMakeFiles/cmTC_3a2a5.dir/feature_tests.cxx.o
/usr/bin/c++    -std=c++14 -o CMakeFiles/cmTC_3a2a5.dir/feature_tests.cxx.o -c /home/warproxxx/Desktop/Projects/StorageX/Monero/StorageX-miner/cmake_build/CMakeFiles/feature_tests.cxx
Linking CXX executable cmTC_3a2a5
/home/warproxxx/Downloads/cmake-3.12.3/bin/cmake -E cmake_link_script CMakeFiles/cmTC_3a2a5.dir/link.txt --verbose=1
/usr/bin/c++       -rdynamic CMakeFiles/cmTC_3a2a5.dir/feature_tests.cxx.o  -o cmTC_3a2a5 
make[1]: Leaving directory '/home/warproxxx/Desktop/Projects/StorageX/Monero/StorageX-miner/cmake_build/CMakeFiles/CMakeTmp'


    Feature record: CXX_FEATURE:1cxx_aggregate_default_initializers
    Feature record: CXX_FEATURE:1cxx_alias_templates
    Feature record: CXX_FEATURE:1cxx_alignas
    Feature record: CXX_FEATURE:1cxx_alignof
    Feature record: CXX_FEATURE:1cxx_attributes
    Feature record: CXX_FEATURE:1cxx_attribute_deprecated
    Feature record: CXX_FEATURE:1cxx_auto_type
    Feature record: CXX_FEATURE:1cxx_binary_literals
    Feature record: CXX_FEATURE:1cxx_constexpr
    Feature record: CXX_FEATURE:1cxx_contextual_conversions
    Feature record: CXX_FEATURE:1cxx_decltype
    Feature record: CXX_FEATURE:1cxx_decltype_auto
    Feature record: CXX_FEATURE:1cxx_decltype_incomplete_return_types
    Feature record: CXX_FEATURE:1cxx_default_function_template_args
    Feature record: CXX_FEATURE:1cxx_defaulted_functions
    Feature record: CXX_FEATURE:1cxx_defaulted_move_initializers
    Feature record: CXX_FEATURE:1cxx_delegating_constructors
    Feature record: CXX_FEATURE:1cxx_deleted_functions
    Feature record: CXX_FEATURE:1cxx_digit_separators
    Feature record: CXX_FEATURE:1cxx_enum_forward_declarations
    Feature record: CXX_FEATURE:1cxx_explicit_conversions
    Feature record: CXX_FEATURE:1cxx_extended_friend_declarations
    Feature record: CXX_FEATURE:1cxx_extern_templates
    Feature record: CXX_FEATURE:1cxx_final
    Feature record: CXX_FEATURE:1cxx_func_identifier
    Feature record: CXX_FEATURE:1cxx_generalized_initializers
    Feature record: CXX_FEATURE:1cxx_generic_lambdas
    Feature record: CXX_FEATURE:1cxx_inheriting_constructors
    Feature record: CXX_FEATURE:1cxx_inline_namespaces
    Feature record: CXX_FEATURE:1cxx_lambdas
    Feature record: CXX_FEATURE:1cxx_lambda_init_captures
    Feature record: CXX_FEATURE:1cxx_local_type_template_args
    Feature record: CXX_FEATURE:1cxx_long_long_type
    Feature record: CXX_FEATURE:1cxx_noexcept
    Feature record: CXX_FEATURE:1cxx_nonstatic_member_init
    Feature record: CXX_FEATURE:1cxx_nullptr
    Feature record: CXX_FEATURE:1cxx_override
    Feature record: CXX_FEATURE:1cxx_range_for
    Feature record: CXX_FEATURE:1cxx_raw_string_literals
    Feature record: CXX_FEATURE:1cxx_reference_qualified_functions
    Feature record: CXX_FEATURE:1cxx_relaxed_constexpr
    Feature record: CXX_FEATURE:1cxx_return_type_deduction
    Feature record: CXX_FEATURE:1cxx_right_angle_brackets
    Feature record: CXX_FEATURE:1cxx_rvalue_references
    Feature record: CXX_FEATURE:1cxx_sizeof_member
    Feature record: CXX_FEATURE:1cxx_static_assert
    Feature record: CXX_FEATURE:1cxx_strong_enums
    Feature record: CXX_FEATURE:1cxx_template_template_parameters
    Feature record: CXX_FEATURE:1cxx_thread_local
    Feature record: CXX_FEATURE:1cxx_trailing_return_types
    Feature record: CXX_FEATURE:1cxx_unicode_literals
    Feature record: CXX_FEATURE:1cxx_uniform_initialization
    Feature record: CXX_FEATURE:1cxx_unrestricted_unions
    Feature record: CXX_FEATURE:1cxx_user_literals
    Feature record: CXX_FEATURE:1cxx_variable_templates
    Feature record: CXX_FEATURE:1cxx_variadic_macros
    Feature record: CXX_FEATURE:1cxx_variadic_templates


Detecting CXX [-std=c++11] compiler features compiled with the following output:
Change Dir: /home/warproxxx/Desktop/Projects/StorageX/Monero/StorageX-miner/cmake_build/CMakeFiles/CMakeTmp

Run Build Command:"/usr/bin/make" "cmTC_1caa6/fast"
/usr/bin/make -f CMakeFiles/cmTC_1caa6.dir/build.make CMakeFiles/cmTC_1caa6.dir/build
make[1]: Entering directory '/home/warproxxx/Desktop/Projects/StorageX/Monero/StorageX-miner/cmake_build/CMakeFiles/CMakeTmp'
Building CXX object CMakeFiles/cmTC_1caa6.dir/feature_tests.cxx.o
/usr/bin/c++    -std=c++11 -o CMakeFiles/cmTC_1caa6.dir/feature_tests.cxx.o -c /home/warproxxx/Desktop/Projects/StorageX/Monero/StorageX-miner/cmake_build/CMakeFiles/feature_tests.cxx
Linking CXX executable cmTC_1caa6
/home/warproxxx/Downloads/cmake-3.12.3/bin/cmake -E cmake_link_script CMakeFiles/cmTC_1caa6.dir/link.txt --verbose=1
/usr/bin/c++       -rdynamic CMakeFiles/cmTC_1caa6.dir/feature_tests.cxx.o  -o cmTC_1caa6 
make[1]: Leaving directory '/home/warproxxx/Desktop/Projects/StorageX/Monero/StorageX-miner/cmake_build/CMakeFiles/CMakeTmp'


    Feature record: CXX_FEATURE:0cxx_aggregate_default_initializers
    Feature record: CXX_FEATURE:1cxx_alias_templates
    Feature record: CXX_FEATURE:1cxx_alignas
    Feature record: CXX_FEATURE:1cxx_alignof
    Feature record: CXX_FEATURE:1cxx_attributes
    Feature record: CXX_FEATURE:0cxx_attribute_deprecated
    Feature record: CXX_FEATURE:1cxx_auto_type
    Feature record: CXX_FEATURE:0cxx_binary_literals
    Feature record: CXX_FEATURE:1cxx_constexpr
    Feature record: CXX_FEATURE:0cxx_contextual_conversions
    Feature record: CXX_FEATURE:1cxx_decltype
    Feature record: CXX_FEATURE:0cxx_decltype_auto
    Feature record: CXX_FEATURE:1cxx_decltype_incomplete_return_types
    Feature record: CXX_FEATURE:1cxx_default_function_template_args
    Feature record: CXX_FEATURE:1cxx_defaulted_functions
    Feature record: CXX_FEATURE:1cxx_defaulted_move_initializers
    Feature record: CXX_FEATURE:1cxx_delegating_constructors
    Feature record: CXX_FEATURE:1cxx_deleted_functions
    Feature record: CXX_FEATURE:0cxx_digit_separators
    Feature record: CXX_FEATURE:1cxx_enum_forward_declarations
    Feature record: CXX_FEATURE:1cxx_explicit_conversions
    Feature record: CXX_FEATURE:1cxx_extended_friend_declarations
    Feature record: CXX_FEATURE:1cxx_extern_templates
    Feature record: CXX_FEATURE:1cxx_final
    Feature record: CXX_FEATURE:1cxx_func_identifier
    Feature record: CXX_FEATURE:1cxx_generalized_initializers
    Feature record: CXX_FEATURE:0cxx_generic_lambdas
    Feature record: CXX_FEATURE:1cxx_inheriting_constructors
    Feature record: CXX_FEATURE:1cxx_inline_namespaces
    Feature record: CXX_FEATURE:1cxx_lambdas
    Feature record: CXX_FEATURE:0cxx_lambda_init_captures
    Feature record: CXX_FEATURE:1cxx_local_type_template_args
    Feature record: CXX_FEATURE:1cxx_long_long_type
    Feature record: CXX_FEATURE:1cxx_noexcept
    Feature record: CXX_FEATURE:1cxx_nonstatic_member_init
    Feature record: CXX_FEATURE:1cxx_nullptr
    Feature record: CXX_FEATURE:1cxx_override
    Feature record: CXX_FEATURE:1cxx_range_for
    Feature record: CXX_FEATURE:1cxx_raw_string_literals
    Feature record: CXX_FEATURE:1cxx_reference_qualified_functions
    Feature record: CXX_FEATURE:0cxx_relaxed_constexpr
    Feature record: CXX_FEATURE:0cxx_return_type_deduction
    Feature record: CXX_FEATURE:1cxx_right_angle_brackets
    Feature record: CXX_FEATURE:1cxx_rvalue_references
    Feature record: CXX_FEATURE:1cxx_sizeof_member
    Feature record: CXX_FEATURE:1cxx_static_assert
    Feature record: CXX_FEATURE:1cxx_strong_enums
    Feature record: CXX_FEATURE:1cxx_template_template_parameters
    Feature record: CXX_FEATURE:1cxx_thread_local
    Feature record: CXX_FEATURE:1cxx_trailing_return_types
    Feature record: CXX_FEATURE:1cxx_unicode_literals
    Feature record: CXX_FEATURE:1cxx_uniform_initialization
    Feature record: CXX_FEATURE:1cxx_unrestricted_unions
    Feature record: CXX_FEATURE:1cxx_user_literals
    Feature record: CXX_FEATURE:0cxx_variable_templates
    Feature record: CXX_FEATURE:1cxx_variadic_macros
    Feature record: CXX_FEATURE:1cxx_variadic_templates


Detecting CXX [-std=c++98] compiler features compiled with the following output:
Change Dir: /home/warproxxx/Desktop/Projects/StorageX/Monero/StorageX-miner/cmake_build/CMakeFiles/CMakeTmp

Run Build Command:"/usr/bin/make" "cmTC_c2a30/fast"
/usr/bin/make -f CMakeFiles/cmTC_c2a30.dir/build.make CMakeFiles/cmTC_c2a30.dir/build
make[1]: Entering directory '/home/warproxxx/Desktop/Projects/StorageX/Monero/StorageX-miner/cmake_build/CMakeFiles/CMakeTmp'
Building CXX object CMakeFiles/cmTC_c2a30.dir/feature_tests.cxx.o
/usr/bin/c++    -std=c++98 -o CMakeFiles/cmTC_c2a30.dir/feature_tests.cxx.o -c /home/warproxxx/Desktop/Projects/StorageX/Monero/StorageX-miner/cmake_build/CMakeFiles/feature_tests.cxx
Linking CXX executable cmTC_c2a30
/home/warproxxx/Downloads/cmake-3.12.3/bin/cmake -E cmake_link_script CMakeFiles/cmTC_c2a30.dir/link.txt --verbose=1
/usr/bin/c++       -rdynamic CMakeFiles/cmTC_c2a30.dir/feature_tests.cxx.o  -o cmTC_c2a30 
make[1]: Leaving directory '/home/warproxxx/Desktop/Projects/StorageX/Monero/StorageX-miner/cmake_build/CMakeFiles/CMakeTmp'


    Feature record: CXX_FEATURE:0cxx_aggregate_default_initializers
    Feature record: CXX_FEATURE:0cxx_alias_templates
    Feature record: CXX_FEATURE:0cxx_alignas
    Feature record: CXX_FEATURE:0cxx_alignof
    Feature record: CXX_FEATURE:0cxx_attributes
    Feature record: CXX_FEATURE:0cxx_attribute_deprecated
    Feature record: CXX_FEATURE:0cxx_auto_type
    Feature record: CXX_FEATURE:0cxx_binary_literals
    Feature record: CXX_FEATURE:0cxx_constexpr
    Feature record: CXX_FEATURE:0cxx_contextual_conversions
    Feature record: CXX_FEATURE:0cxx_decltype
    Feature record: CXX_FEATURE:0cxx_decltype_auto
    Feature record: CXX_FEATURE:0cxx_decltype_incomplete_return_types
    Feature record: CXX_FEATURE:0cxx_default_function_template_args
    Feature record: CXX_FEATURE:0cxx_defaulted_functions
    Feature record: CXX_FEATURE:0cxx_defaulted_move_initializers
    Feature record: CXX_FEATURE:0cxx_delegating_constructors
    Feature record: CXX_FEATURE:0cxx_deleted_functions
    Feature record: CXX_FEATURE:0cxx_digit_separators
    Feature record: CXX_FEATURE:0cxx_enum_forward_declarations
    Feature record: CXX_FEATURE:0cxx_explicit_conversions
    Feature record: CXX_FEATURE:0cxx_extended_friend_declarations
    Feature record: CXX_FEATURE:0cxx_extern_templates
    Feature record: CXX_FEATURE:0cxx_final
    Feature record: CXX_FEATURE:0cxx_func_identifier
    Feature record: CXX_FEATURE:0cxx_generalized_initializers
    Feature record: CXX_FEATURE:0cxx_generic_lambdas
    Feature record: CXX_FEATURE:0cxx_inheriting_constructors
    Feature record: CXX_FEATURE:0cxx_inline_namespaces
    Feature record: CXX_FEATURE:0cxx_lambdas
    Feature record: CXX_FEATURE:0cxx_lambda_init_captures
    Feature record: CXX_FEATURE:0cxx_local_type_template_args
    Feature record: CXX_FEATURE:0cxx_long_long_type
    Feature record: CXX_FEATURE:0cxx_noexcept
    Feature record: CXX_FEATURE:0cxx_nonstatic_member_init
    Feature record: CXX_FEATURE:0cxx_nullptr
    Feature record: CXX_FEATURE:0cxx_override
    Feature record: CXX_FEATURE:0cxx_range_for
    Feature record: CXX_FEATURE:0cxx_raw_string_literals
    Feature record: CXX_FEATURE:0cxx_reference_qualified_functions
    Feature record: CXX_FEATURE:0cxx_relaxed_constexpr
    Feature record: CXX_FEATURE:0cxx_return_type_deduction
    Feature record: CXX_FEATURE:0cxx_right_angle_brackets
    Feature record: CXX_FEATURE:0cxx_rvalue_references
    Feature record: CXX_FEATURE:0cxx_sizeof_member
    Feature record: CXX_FEATURE:0cxx_static_assert
    Feature record: CXX_FEATURE:0cxx_strong_enums
    Feature record: CXX_FEATURE:1cxx_template_template_parameters
    Feature record: CXX_FEATURE:0cxx_thread_local
    Feature record: CXX_FEATURE:0cxx_trailing_return_types
    Feature record: CXX_FEATURE:0cxx_unicode_literals
    Feature record: CXX_FEATURE:0cxx_uniform_initialization
    Feature record: CXX_FEATURE:0cxx_unrestricted_unions
    Feature record: CXX_FEATURE:0cxx_user_literals
    Feature record: CXX_FEATURE:0cxx_variable_templates
    Feature record: CXX_FEATURE:0cxx_variadic_macros
    Feature record: CXX_FEATURE:0cxx_variadic_templates
Determining if the include file pthread.h exists passed with the following output:
Change Dir: /home/warproxxx/Desktop/Projects/StorageX/Monero/StorageX-miner/cmake_build/CMakeFiles/CMakeTmp

Run Build Command:"/usr/bin/make" "cmTC_2f0ae/fast"
/usr/bin/make -f CMakeFiles/cmTC_2f0ae.dir/build.make CMakeFiles/cmTC_2f0ae.dir/build
make[1]: Entering directory '/home/warproxxx/Desktop/Projects/StorageX/Monero/StorageX-miner/cmake_build/CMakeFiles/CMakeTmp'
Building C object CMakeFiles/cmTC_2f0ae.dir/CheckIncludeFile.c.o
/usr/bin/cc    -o CMakeFiles/cmTC_2f0ae.dir/CheckIncludeFile.c.o   -c /home/warproxxx/Desktop/Projects/StorageX/Monero/StorageX-miner/cmake_build/CMakeFiles/CMakeTmp/CheckIncludeFile.c
Linking C executable cmTC_2f0ae
/home/warproxxx/Downloads/cmake-3.12.3/bin/cmake -E cmake_link_script CMakeFiles/cmTC_2f0ae.dir/link.txt --verbose=1
/usr/bin/cc      -rdynamic CMakeFiles/cmTC_2f0ae.dir/CheckIncludeFile.c.o  -o cmTC_2f0ae 
make[1]: Leaving directory '/home/warproxxx/Desktop/Projects/StorageX/Monero/StorageX-miner/cmake_build/CMakeFiles/CMakeTmp'


Determining if the function strptime exists passed with the following output:
Change Dir: /home/warproxxx/Desktop/Projects/StorageX/Monero/StorageX-miner/cmake_build/CMakeFiles/CMakeTmp

Run Build Command:"/usr/bin/make" "cmTC_91ceb/fast"
/usr/bin/make -f CMakeFiles/cmTC_91ceb.dir/build.make CMakeFiles/cmTC_91ceb.dir/build
make[1]: Entering directory '/home/warproxxx/Desktop/Projects/StorageX/Monero/StorageX-miner/cmake_build/CMakeFiles/CMakeTmp'
Building C object CMakeFiles/cmTC_91ceb.dir/CheckFunctionExists.c.o
/usr/bin/cc   -DCHECK_FUNCTION_EXISTS=strptime   -o CMakeFiles/cmTC_91ceb.dir/CheckFunctionExists.c.o   -c /home/warproxxx/Downloads/cmake-3.12.3/Modules/CheckFunctionExists.c
Linking C executable cmTC_91ceb
/home/warproxxx/Downloads/cmake-3.12.3/bin/cmake -E cmake_link_script CMakeFiles/cmTC_91ceb.dir/link.txt --verbose=1
/usr/bin/cc  -DCHECK_FUNCTION_EXISTS=strptime    -rdynamic CMakeFiles/cmTC_91ceb.dir/CheckFunctionExists.c.o  -o cmTC_91ceb 
make[1]: Leaving directory '/home/warproxxx/Desktop/Projects/StorageX/Monero/StorageX-miner/cmake_build/CMakeFiles/CMakeTmp'


Performing C SOURCE FILE Test _Wformat_c succeeded with the following output:
Change Dir: /home/warproxxx/Desktop/Projects/StorageX/Monero/StorageX-miner/cmake_build/CMakeFiles/CMakeTmp

Run Build Command:"/usr/bin/make" "cmTC_4e9ea/fast"
/usr/bin/make -f CMakeFiles/cmTC_4e9ea.dir/build.make CMakeFiles/cmTC_4e9ea.dir/build
make[1]: Entering directory '/home/warproxxx/Desktop/Projects/StorageX/Monero/StorageX-miner/cmake_build/CMakeFiles/CMakeTmp'
Building C object CMakeFiles/cmTC_4e9ea.dir/src.c.o
/usr/bin/cc   -fno-strict-aliasing -D_Wformat_c   -Wformat -o CMakeFiles/cmTC_4e9ea.dir/src.c.o   -c /home/warproxxx/Desktop/Projects/StorageX/Monero/StorageX-miner/cmake_build/CMakeFiles/CMakeTmp/src.c
Linking C executable cmTC_4e9ea
/home/warproxxx/Downloads/cmake-3.12.3/bin/cmake -E cmake_link_script CMakeFiles/cmTC_4e9ea.dir/link.txt --verbose=1
/usr/bin/cc  -fno-strict-aliasing -D_Wformat_c    -rdynamic CMakeFiles/cmTC_4e9ea.dir/src.c.o  -o cmTC_4e9ea 
make[1]: Leaving directory '/home/warproxxx/Desktop/Projects/StorageX/Monero/StorageX-miner/cmake_build/CMakeFiles/CMakeTmp'

Source file was:
int main(void) { return 0; }
Performing C++ SOURCE FILE Test _Wformat_cxx succeeded with the following output:
Change Dir: /home/warproxxx/Desktop/Projects/StorageX/Monero/StorageX-miner/cmake_build/CMakeFiles/CMakeTmp

Run Build Command:"/usr/bin/make" "cmTC_c2e95/fast"
/usr/bin/make -f CMakeFiles/cmTC_c2e95.dir/build.make CMakeFiles/cmTC_c2e95.dir/build
make[1]: Entering directory '/home/warproxxx/Desktop/Projects/StorageX/Monero/StorageX-miner/cmake_build/CMakeFiles/CMakeTmp'
Building CXX object CMakeFiles/cmTC_c2e95.dir/src.cxx.o
/usr/bin/c++    -fno-strict-aliasing -D_Wformat_cxx   -Wformat -o CMakeFiles/cmTC_c2e95.dir/src.cxx.o -c /home/warproxxx/Desktop/Projects/StorageX/Monero/StorageX-miner/cmake_build/CMakeFiles/CMakeTmp/src.cxx
Linking CXX executable cmTC_c2e95
/home/warproxxx/Downloads/cmake-3.12.3/bin/cmake -E cmake_link_script CMakeFiles/cmTC_c2e95.dir/link.txt --verbose=1
/usr/bin/c++   -fno-strict-aliasing -D_Wformat_cxx    -rdynamic CMakeFiles/cmTC_c2e95.dir/src.cxx.o  -o cmTC_c2e95 
make[1]: Leaving directory '/home/warproxxx/Desktop/Projects/StorageX/Monero/StorageX-miner/cmake_build/CMakeFiles/CMakeTmp'

Source file was:
int main() { return 0; }
Performing C SOURCE FILE Test _Wformat_security_c succeeded with the following output:
Change Dir: /home/warproxxx/Desktop/Projects/StorageX/Monero/StorageX-miner/cmake_build/CMakeFiles/CMakeTmp

Run Build Command:"/usr/bin/make" "cmTC_51d84/fast"
/usr/bin/make -f CMakeFiles/cmTC_51d84.dir/build.make CMakeFiles/cmTC_51d84.dir/build
make[1]: Entering directory '/home/warproxxx/Desktop/Projects/StorageX/Monero/StorageX-miner/cmake_build/CMakeFiles/CMakeTmp'
Building C object CMakeFiles/cmTC_51d84.dir/src.c.o
/usr/bin/cc   -fno-strict-aliasing -D_Wformat_security_c   -Wformat-security -o CMakeFiles/cmTC_51d84.dir/src.c.o   -c /home/warproxxx/Desktop/Projects/StorageX/Monero/StorageX-miner/cmake_build/CMakeFiles/CMakeTmp/src.c
Linking C executable cmTC_51d84
/home/warproxxx/Downloads/cmake-3.12.3/bin/cmake -E cmake_link_script CMakeFiles/cmTC_51d84.dir/link.txt --verbose=1
/usr/bin/cc  -fno-strict-aliasing -D_Wformat_security_c    -rdynamic CMakeFiles/cmTC_51d84.dir/src.c.o  -o cmTC_51d84 
make[1]: Leaving directory '/home/warproxxx/Desktop/Projects/StorageX/Monero/StorageX-miner/cmake_build/CMakeFiles/CMakeTmp'

Source file was:
int main(void) { return 0; }
Performing C++ SOURCE FILE Test _Wformat_security_cxx succeeded with the following output:
Change Dir: /home/warproxxx/Desktop/Projects/StorageX/Monero/StorageX-miner/cmake_build/CMakeFiles/CMakeTmp

Run Build Command:"/usr/bin/make" "cmTC_d8964/fast"
/usr/bin/make -f CMakeFiles/cmTC_d8964.dir/build.make CMakeFiles/cmTC_d8964.dir/build
make[1]: Entering directory '/home/warproxxx/Desktop/Projects/StorageX/Monero/StorageX-miner/cmake_build/CMakeFiles/CMakeTmp'
Building CXX object CMakeFiles/cmTC_d8964.dir/src.cxx.o
/usr/bin/c++    -fno-strict-aliasing -D_Wformat_security_cxx   -Wformat-security -o CMakeFiles/cmTC_d8964.dir/src.cxx.o -c /home/warproxxx/Desktop/Projects/StorageX/Monero/StorageX-miner/cmake_build/CMakeFiles/CMakeTmp/src.cxx
Linking CXX executable cmTC_d8964
/home/warproxxx/Downloads/cmake-3.12.3/bin/cmake -E cmake_link_script CMakeFiles/cmTC_d8964.dir/link.txt --verbose=1
/usr/bin/c++   -fno-strict-aliasing -D_Wformat_security_cxx    -rdynamic CMakeFiles/cmTC_d8964.dir/src.cxx.o  -o cmTC_d8964 
make[1]: Leaving directory '/home/warproxxx/Desktop/Projects/StorageX/Monero/StorageX-miner/cmake_build/CMakeFiles/CMakeTmp'

Source file was:
int main() { return 0; }
Performing C SOURCE FILE Test _fstack_protector_c succeeded with the following output:
Change Dir: /home/warproxxx/Desktop/Projects/StorageX/Monero/StorageX-miner/cmake_build/CMakeFiles/CMakeTmp

Run Build Command:"/usr/bin/make" "cmTC_60b36/fast"
/usr/bin/make -f CMakeFiles/cmTC_60b36.dir/build.make CMakeFiles/cmTC_60b36.dir/build
make[1]: Entering directory '/home/warproxxx/Desktop/Projects/StorageX/Monero/StorageX-miner/cmake_build/CMakeFiles/CMakeTmp'
Building C object CMakeFiles/cmTC_60b36.dir/src.c.o
/usr/bin/cc   -fno-strict-aliasing -D_fstack_protector_c   -fstack-protector -o CMakeFiles/cmTC_60b36.dir/src.c.o   -c /home/warproxxx/Desktop/Projects/StorageX/Monero/StorageX-miner/cmake_build/CMakeFiles/CMakeTmp/src.c
Linking C executable cmTC_60b36
/home/warproxxx/Downloads/cmake-3.12.3/bin/cmake -E cmake_link_script CMakeFiles/cmTC_60b36.dir/link.txt --verbose=1
/usr/bin/cc  -fno-strict-aliasing -D_fstack_protector_c    -rdynamic CMakeFiles/cmTC_60b36.dir/src.c.o  -o cmTC_60b36 
make[1]: Leaving directory '/home/warproxxx/Desktop/Projects/StorageX/Monero/StorageX-miner/cmake_build/CMakeFiles/CMakeTmp'

Source file was:
int main(void) { return 0; }
Performing C++ SOURCE FILE Test _fstack_protector_cxx succeeded with the following output:
Change Dir: /home/warproxxx/Desktop/Projects/StorageX/Monero/StorageX-miner/cmake_build/CMakeFiles/CMakeTmp

Run Build Command:"/usr/bin/make" "cmTC_0d424/fast"
/usr/bin/make -f CMakeFiles/cmTC_0d424.dir/build.make CMakeFiles/cmTC_0d424.dir/build
make[1]: Entering directory '/home/warproxxx/Desktop/Projects/StorageX/Monero/StorageX-miner/cmake_build/CMakeFiles/CMakeTmp'
Building CXX object CMakeFiles/cmTC_0d424.dir/src.cxx.o
/usr/bin/c++    -fno-strict-aliasing -D_fstack_protector_cxx   -fstack-protector -o CMakeFiles/cmTC_0d424.dir/src.cxx.o -c /home/warproxxx/Desktop/Projects/StorageX/Monero/StorageX-miner/cmake_build/CMakeFiles/CMakeTmp/src.cxx
Linking CXX executable cmTC_0d424
/home/warproxxx/Downloads/cmake-3.12.3/bin/cmake -E cmake_link_script CMakeFiles/cmTC_0d424.dir/link.txt --verbose=1
/usr/bin/c++   -fno-strict-aliasing -D_fstack_protector_cxx    -rdynamic CMakeFiles/cmTC_0d424.dir/src.cxx.o  -o cmTC_0d424 
make[1]: Leaving directory '/home/warproxxx/Desktop/Projects/StorageX/Monero/StorageX-miner/cmake_build/CMakeFiles/CMakeTmp'

Source file was:
int main() { return 0; }
Performing C SOURCE FILE Test _fstack_protector_strong_c succeeded with the following output:
Change Dir: /home/warproxxx/Desktop/Projects/StorageX/Monero/StorageX-miner/cmake_build/CMakeFiles/CMakeTmp

Run Build Command:"/usr/bin/make" "cmTC_d7e1e/fast"
/usr/bin/make -f CMakeFiles/cmTC_d7e1e.dir/build.make CMakeFiles/cmTC_d7e1e.dir/build
make[1]: Entering directory '/home/warproxxx/Desktop/Projects/StorageX/Monero/StorageX-miner/cmake_build/CMakeFiles/CMakeTmp'
Building C object CMakeFiles/cmTC_d7e1e.dir/src.c.o
/usr/bin/cc   -fno-strict-aliasing -D_fstack_protector_strong_c   -fstack-protector-strong -o CMakeFiles/cmTC_d7e1e.dir/src.c.o   -c /home/warproxxx/Desktop/Projects/StorageX/Monero/StorageX-miner/cmake_build/CMakeFiles/CMakeTmp/src.c
Linking C executable cmTC_d7e1e
/home/warproxxx/Downloads/cmake-3.12.3/bin/cmake -E cmake_link_script CMakeFiles/cmTC_d7e1e.dir/link.txt --verbose=1
/usr/bin/cc  -fno-strict-aliasing -D_fstack_protector_strong_c    -rdynamic CMakeFiles/cmTC_d7e1e.dir/src.c.o  -o cmTC_d7e1e 
make[1]: Leaving directory '/home/warproxxx/Desktop/Projects/StorageX/Monero/StorageX-miner/cmake_build/CMakeFiles/CMakeTmp'

Source file was:
int main(void) { return 0; }
Performing C++ SOURCE FILE Test _fstack_protector_strong_cxx succeeded with the following output:
Change Dir: /home/warproxxx/Desktop/Projects/StorageX/Monero/StorageX-miner/cmake_build/CMakeFiles/CMakeTmp

Run Build Command:"/usr/bin/make" "cmTC_81317/fast"
/usr/bin/make -f CMakeFiles/cmTC_81317.dir/build.make CMakeFiles/cmTC_81317.dir/build
make[1]: Entering directory '/home/warproxxx/Desktop/Projects/StorageX/Monero/StorageX-miner/cmake_build/CMakeFiles/CMakeTmp'
Building CXX object CMakeFiles/cmTC_81317.dir/src.cxx.o
/usr/bin/c++    -fno-strict-aliasing -D_fstack_protector_strong_cxx   -fstack-protector-strong -o CMakeFiles/cmTC_81317.dir/src.cxx.o -c /home/warproxxx/Desktop/Projects/StorageX/Monero/StorageX-miner/cmake_build/CMakeFiles/CMakeTmp/src.cxx
Linking CXX executable cmTC_81317
/home/warproxxx/Downloads/cmake-3.12.3/bin/cmake -E cmake_link_script CMakeFiles/cmTC_81317.dir/link.txt --verbose=1
/usr/bin/c++   -fno-strict-aliasing -D_fstack_protector_strong_cxx    -rdynamic CMakeFiles/cmTC_81317.dir/src.cxx.o  -o cmTC_81317 
make[1]: Leaving directory '/home/warproxxx/Desktop/Projects/StorageX/Monero/StorageX-miner/cmake_build/CMakeFiles/CMakeTmp'

Source file was:
int main() { return 0; }
Determining if the -pie linker flag is supported passed with the following output:
Change Dir: /home/warproxxx/Desktop/Projects/StorageX/Monero/StorageX-miner/cmake_build/CMakeFiles/CMakeTmp

Run Build Command:"/usr/bin/make" "cmTC_1e918/fast"
/usr/bin/make -f CMakeFiles/cmTC_1e918.dir/build.make CMakeFiles/cmTC_1e918.dir/build
make[1]: Entering directory '/home/warproxxx/Desktop/Projects/StorageX/Monero/StorageX-miner/cmake_build/CMakeFiles/CMakeTmp'
Building C object CMakeFiles/cmTC_1e918.dir/CheckLinkerFlag.c.o
/usr/bin/cc   -pie    -pie -o CMakeFiles/cmTC_1e918.dir/CheckLinkerFlag.c.o   -c /home/warproxxx/Desktop/Projects/StorageX/Monero/StorageX-miner/cmake/CheckLinkerFlag.c
Linking C executable cmTC_1e918
/home/warproxxx/Downloads/cmake-3.12.3/bin/cmake -E cmake_link_script CMakeFiles/cmTC_1e918.dir/link.txt --verbose=1
/usr/bin/cc -pie     -rdynamic CMakeFiles/cmTC_1e918.dir/CheckLinkerFlag.c.o  -o cmTC_1e918 
make[1]: Leaving directory '/home/warproxxx/Desktop/Projects/StorageX/Monero/StorageX-miner/cmake_build/CMakeFiles/CMakeTmp'


Determining if the -Wl,-z,relro linker flag is supported passed with the following output:
Change Dir: /home/warproxxx/Desktop/Projects/StorageX/Monero/StorageX-miner/cmake_build/CMakeFiles/CMakeTmp

Run Build Command:"/usr/bin/make" "cmTC_813b3/fast"
/usr/bin/make -f CMakeFiles/cmTC_813b3.dir/build.make CMakeFiles/cmTC_813b3.dir/build
make[1]: Entering directory '/home/warproxxx/Desktop/Projects/StorageX/Monero/StorageX-miner/cmake_build/CMakeFiles/CMakeTmp'
Building C object CMakeFiles/cmTC_813b3.dir/CheckLinkerFlag.c.o
/usr/bin/cc   -Wl,-z,relro    -Wl,-z,relro -o CMakeFiles/cmTC_813b3.dir/CheckLinkerFlag.c.o   -c /home/warproxxx/Desktop/Projects/StorageX/Monero/StorageX-miner/cmake/CheckLinkerFlag.c
Linking C executable cmTC_813b3
/home/warproxxx/Downloads/cmake-3.12.3/bin/cmake -E cmake_link_script CMakeFiles/cmTC_813b3.dir/link.txt --verbose=1
/usr/bin/cc -Wl,-z,relro     -rdynamic CMakeFiles/cmTC_813b3.dir/CheckLinkerFlag.c.o  -o cmTC_813b3 
make[1]: Leaving directory '/home/warproxxx/Desktop/Projects/StorageX/Monero/StorageX-miner/cmake_build/CMakeFiles/CMakeTmp'


Determining if the -Wl,-z,now linker flag is supported passed with the following output:
Change Dir: /home/warproxxx/Desktop/Projects/StorageX/Monero/StorageX-miner/cmake_build/CMakeFiles/CMakeTmp

Run Build Command:"/usr/bin/make" "cmTC_56bce/fast"
/usr/bin/make -f CMakeFiles/cmTC_56bce.dir/build.make CMakeFiles/cmTC_56bce.dir/build
make[1]: Entering directory '/home/warproxxx/Desktop/Projects/StorageX/Monero/StorageX-miner/cmake_build/CMakeFiles/CMakeTmp'
Building C object CMakeFiles/cmTC_56bce.dir/CheckLinkerFlag.c.o
/usr/bin/cc   -Wl,-z,now    -Wl,-z,now -o CMakeFiles/cmTC_56bce.dir/CheckLinkerFlag.c.o   -c /home/warproxxx/Desktop/Projects/StorageX/Monero/StorageX-miner/cmake/CheckLinkerFlag.c
Linking C executable cmTC_56bce
/home/warproxxx/Downloads/cmake-3.12.3/bin/cmake -E cmake_link_script CMakeFiles/cmTC_56bce.dir/link.txt --verbose=1
/usr/bin/cc -Wl,-z,now     -rdynamic CMakeFiles/cmTC_56bce.dir/CheckLinkerFlag.c.o  -o cmTC_56bce 
make[1]: Leaving directory '/home/warproxxx/Desktop/Projects/StorageX/Monero/StorageX-miner/cmake_build/CMakeFiles/CMakeTmp'


Determining if the -Wl,-z,noexecstack linker flag is supported passed with the following output:
Change Dir: /home/warproxxx/Desktop/Projects/StorageX/Monero/StorageX-miner/cmake_build/CMakeFiles/CMakeTmp

Run Build Command:"/usr/bin/make" "cmTC_01bf2/fast"
/usr/bin/make -f CMakeFiles/cmTC_01bf2.dir/build.make CMakeFiles/cmTC_01bf2.dir/build
make[1]: Entering directory '/home/warproxxx/Desktop/Projects/StorageX/Monero/StorageX-miner/cmake_build/CMakeFiles/CMakeTmp'
Building C object CMakeFiles/cmTC_01bf2.dir/CheckLinkerFlag.c.o
/usr/bin/cc   -Wl,-z,noexecstack    -Wl,-z,noexecstack -o CMakeFiles/cmTC_01bf2.dir/CheckLinkerFlag.c.o   -c /home/warproxxx/Desktop/Projects/StorageX/Monero/StorageX-miner/cmake/CheckLinkerFlag.c
Linking C executable cmTC_01bf2
/home/warproxxx/Downloads/cmake-3.12.3/bin/cmake -E cmake_link_script CMakeFiles/cmTC_01bf2.dir/link.txt --verbose=1
/usr/bin/cc -Wl,-z,noexecstack     -rdynamic CMakeFiles/cmTC_01bf2.dir/CheckLinkerFlag.c.o  -o cmTC_01bf2 
make[1]: Leaving directory '/home/warproxxx/Desktop/Projects/StorageX/Monero/StorageX-miner/cmake_build/CMakeFiles/CMakeTmp'


Determining if the function rl_copy_text exists passed with the following output:
Change Dir: /home/warproxxx/Desktop/Projects/StorageX/Monero/StorageX-miner/cmake_build/CMakeFiles/CMakeTmp

Run Build Command:"/usr/bin/make" "cmTC_cac7c/fast"
/usr/bin/make -f CMakeFiles/cmTC_cac7c.dir/build.make CMakeFiles/cmTC_cac7c.dir/build
make[1]: Entering directory '/home/warproxxx/Desktop/Projects/StorageX/Monero/StorageX-miner/cmake_build/CMakeFiles/CMakeTmp'
Building C object CMakeFiles/cmTC_cac7c.dir/CheckFunctionExists.c.o
/usr/bin/cc   -fno-strict-aliasing -maes -std=c11 -D_GNU_SOURCE   -Wall -Wextra -Wpointer-arith -Wundef -Wvla -Wwrite-strings -Wno-error=extra -Wno-error=deprecated-declarations -Wno-unused-parameter -Wno-unused-variable -Wno-error=unused-variable -Wno-error=undef -Wno-error=uninitialized -Wlogical-op -Wno-error=maybe-uninitialized -Wno-error=cpp -Waggregate-return -Wnested-externs -Wold-style-definition -Wstrict-prototypes -march=native  -fPIC  -U_FORTIFY_SOURCE -D_FORTIFY_SOURCE=1 -Wformat -Wformat-security -fstack-protector -fstack-protector-strong -fno-strict-aliasing -DCHECK_FUNCTION_EXISTS=rl_copy_text   -o CMakeFiles/cmTC_cac7c.dir/CheckFunctionExists.c.o   -c /home/warproxxx/Downloads/cmake-3.12.3/Modules/CheckFunctionExists.c
Linking C executable cmTC_cac7c
/home/warproxxx/Downloads/cmake-3.12.3/bin/cmake -E cmake_link_script CMakeFiles/cmTC_cac7c.dir/link.txt --verbose=1
/usr/bin/cc  -fno-strict-aliasing -maes -std=c11 -D_GNU_SOURCE   -Wall -Wextra -Wpointer-arith -Wundef -Wvla -Wwrite-strings -Wno-error=extra -Wno-error=deprecated-declarations -Wno-unused-parameter -Wno-unused-variable -Wno-error=unused-variable -Wno-error=undef -Wno-error=uninitialized -Wlogical-op -Wno-error=maybe-uninitialized -Wno-error=cpp -Waggregate-return -Wnested-externs -Wold-style-definition -Wstrict-prototypes -march=native  -fPIC  -U_FORTIFY_SOURCE -D_FORTIFY_SOURCE=1 -Wformat -Wformat-security -fstack-protector -fstack-protector-strong -fno-strict-aliasing -DCHECK_FUNCTION_EXISTS=rl_copy_text    -rdynamic CMakeFiles/cmTC_cac7c.dir/CheckFunctionExists.c.o  -o cmTC_cac7c /usr/lib/x86_64-linux-gnu/libreadline.so 
make[1]: Leaving directory '/home/warproxxx/Desktop/Projects/StorageX/Monero/StorageX-miner/cmake_build/CMakeFiles/CMakeTmp'


Determining if the function rl_filename_completion_function exists passed with the following output:
Change Dir: /home/warproxxx/Desktop/Projects/StorageX/Monero/StorageX-miner/cmake_build/CMakeFiles/CMakeTmp

Run Build Command:"/usr/bin/make" "cmTC_1f6a1/fast"
/usr/bin/make -f CMakeFiles/cmTC_1f6a1.dir/build.make CMakeFiles/cmTC_1f6a1.dir/build
make[1]: Entering directory '/home/warproxxx/Desktop/Projects/StorageX/Monero/StorageX-miner/cmake_build/CMakeFiles/CMakeTmp'
Building C object CMakeFiles/cmTC_1f6a1.dir/CheckFunctionExists.c.o
/usr/bin/cc   -fno-strict-aliasing -maes -std=c11 -D_GNU_SOURCE   -Wall -Wextra -Wpointer-arith -Wundef -Wvla -Wwrite-strings -Wno-error=extra -Wno-error=deprecated-declarations -Wno-unused-parameter -Wno-unused-variable -Wno-error=unused-variable -Wno-error=undef -Wno-error=uninitialized -Wlogical-op -Wno-error=maybe-uninitialized -Wno-error=cpp -Waggregate-return -Wnested-externs -Wold-style-definition -Wstrict-prototypes -march=native  -fPIC  -U_FORTIFY_SOURCE -D_FORTIFY_SOURCE=1 -Wformat -Wformat-security -fstack-protector -fstack-protector-strong -fno-strict-aliasing -DCHECK_FUNCTION_EXISTS=rl_filename_completion_function   -o CMakeFiles/cmTC_1f6a1.dir/CheckFunctionExists.c.o   -c /home/warproxxx/Downloads/cmake-3.12.3/Modules/CheckFunctionExists.c
Linking C executable cmTC_1f6a1
/home/warproxxx/Downloads/cmake-3.12.3/bin/cmake -E cmake_link_script CMakeFiles/cmTC_1f6a1.dir/link.txt --verbose=1
/usr/bin/cc  -fno-strict-aliasing -maes -std=c11 -D_GNU_SOURCE   -Wall -Wextra -Wpointer-arith -Wundef -Wvla -Wwrite-strings -Wno-error=extra -Wno-error=deprecated-declarations -Wno-unused-parameter -Wno-unused-variable -Wno-error=unused-variable -Wno-error=undef -Wno-error=uninitialized -Wlogical-op -Wno-error=maybe-uninitialized -Wno-error=cpp -Waggregate-return -Wnested-externs -Wold-style-definition -Wstrict-prototypes -march=native  -fPIC  -U_FORTIFY_SOURCE -D_FORTIFY_SOURCE=1 -Wformat -Wformat-security -fstack-protector -fstack-protector-strong -fno-strict-aliasing -DCHECK_FUNCTION_EXISTS=rl_filename_completion_function    -rdynamic CMakeFiles/cmTC_1f6a1.dir/CheckFunctionExists.c.o  -o cmTC_1f6a1 /usr/lib/x86_64-linux-gnu/libreadline.so 
make[1]: Leaving directory '/home/warproxxx/Desktop/Projects/StorageX/Monero/StorageX-miner/cmake_build/CMakeFiles/CMakeTmp'


Performing C SOURCE FILE Test HAVE_C11 succeeded with the following output:
Change Dir: /home/warproxxx/Desktop/Projects/StorageX/Monero/StorageX-miner/cmake_build/CMakeFiles/CMakeTmp

Run Build Command:"/usr/bin/make" "cmTC_10c72/fast"
/usr/bin/make -f CMakeFiles/cmTC_10c72.dir/build.make CMakeFiles/cmTC_10c72.dir/build
make[1]: Entering directory '/home/warproxxx/Desktop/Projects/StorageX/Monero/StorageX-miner/cmake_build/CMakeFiles/CMakeTmp'
Building C object CMakeFiles/cmTC_10c72.dir/src.c.o
/usr/bin/cc   -fno-strict-aliasing -maes -std=c11 -D_GNU_SOURCE   -Wall -Wextra -Wpointer-arith -Wundef -Wvla -Wwrite-strings -Wno-error=extra -Wno-error=deprecated-declarations -Wno-unused-parameter -Wno-unused-variable -Wno-error=unused-variable -Wno-error=undef -Wno-error=uninitialized -Wlogical-op -Wno-error=maybe-uninitialized -Wno-error=cpp -Waggregate-return -Wnested-externs -Wold-style-definition -Wstrict-prototypes -march=native  -fPIC  -U_FORTIFY_SOURCE -D_FORTIFY_SOURCE=1 -Wformat -Wformat-security -fstack-protector -fstack-protector-strong -fno-strict-aliasing -DHAVE_C11   -std=c11 -o CMakeFiles/cmTC_10c72.dir/src.c.o   -c /home/warproxxx/Desktop/Projects/StorageX/Monero/StorageX-miner/cmake_build/CMakeFiles/CMakeTmp/src.c
Linking C executable cmTC_10c72
/home/warproxxx/Downloads/cmake-3.12.3/bin/cmake -E cmake_link_script CMakeFiles/cmTC_10c72.dir/link.txt --verbose=1
/usr/bin/cc  -fno-strict-aliasing -maes -std=c11 -D_GNU_SOURCE   -Wall -Wextra -Wpointer-arith -Wundef -Wvla -Wwrite-strings -Wno-error=extra -Wno-error=deprecated-declarations -Wno-unused-parameter -Wno-unused-variable -Wno-error=unused-variable -Wno-error=undef -Wno-error=uninitialized -Wlogical-op -Wno-error=maybe-uninitialized -Wno-error=cpp -Waggregate-return -Wnested-externs -Wold-style-definition -Wstrict-prototypes -march=native  -fPIC  -U_FORTIFY_SOURCE -D_FORTIFY_SOURCE=1 -Wformat -Wformat-security -fstack-protector -fstack-protector-strong -fno-strict-aliasing -DHAVE_C11    -rdynamic CMakeFiles/cmTC_10c72.dir/src.c.o  -o cmTC_10c72 /usr/lib/x86_64-linux-gnu/libreadline.so 
make[1]: Leaving directory '/home/warproxxx/Desktop/Projects/StorageX/Monero/StorageX-miner/cmake_build/CMakeFiles/CMakeTmp'

Source file was:
int main(void) { return 0; }
