Determining if the pthread_create exist failed with the following output:
Change Dir: /home/warproxxx/Desktop/Projects/StorageX/Monero/StorageX-miner/cmake_build/CMakeFiles/CMakeTmp

Run Build Command:"/usr/bin/make" "cmTC_946a7/fast"
/usr/bin/make -f CMakeFiles/cmTC_946a7.dir/build.make CMakeFiles/cmTC_946a7.dir/build
make[1]: Entering directory '/home/warproxxx/Desktop/Projects/StorageX/Monero/StorageX-miner/cmake_build/CMakeFiles/CMakeTmp'
Building C object CMakeFiles/cmTC_946a7.dir/CheckSymbolExists.c.o
/usr/bin/cc    -o CMakeFiles/cmTC_946a7.dir/CheckSymbolExists.c.o   -c /home/warproxxx/Desktop/Projects/StorageX/Monero/StorageX-miner/cmake_build/CMakeFiles/CMakeTmp/CheckSymbolExists.c
Linking C executable cmTC_946a7
/home/warproxxx/Downloads/cmake-3.12.3/bin/cmake -E cmake_link_script CMakeFiles/cmTC_946a7.dir/link.txt --verbose=1
/usr/bin/cc      -rdynamic CMakeFiles/cmTC_946a7.dir/CheckSymbolExists.c.o  -o cmTC_946a7 
CMakeFiles/cmTC_946a7.dir/CheckSymbolExists.c.o: In function `main':
CheckSymbolExists.c:(.text+0x16): undefined reference to `pthread_create'
collect2: error: ld returned 1 exit status
CMakeFiles/cmTC_946a7.dir/build.make:86: recipe for target 'cmTC_946a7' failed
make[1]: *** [cmTC_946a7] Error 1
make[1]: Leaving directory '/home/warproxxx/Desktop/Projects/StorageX/Monero/StorageX-miner/cmake_build/CMakeFiles/CMakeTmp'
Makefile:121: recipe for target 'cmTC_946a7/fast' failed
make: *** [cmTC_946a7/fast] Error 2

File /home/warproxxx/Desktop/Projects/StorageX/Monero/StorageX-miner/cmake_build/CMakeFiles/CMakeTmp/CheckSymbolExists.c:
/* */
#include <pthread.h>

int main(int argc, char** argv)
{
  (void)argv;
#ifndef pthread_create
  return ((int*)(&pthread_create))[argc];
#else
  (void)argc;
  return 0;
#endif
}

Determining if the function memset_s exists in the c failed with the following output:
Change Dir: /home/warproxxx/Desktop/Projects/StorageX/Monero/StorageX-miner/cmake_build/CMakeFiles/CMakeTmp

Run Build Command:"/usr/bin/make" "cmTC_e2605/fast"
/usr/bin/make -f CMakeFiles/cmTC_e2605.dir/build.make CMakeFiles/cmTC_e2605.dir/build
make[1]: Entering directory '/home/warproxxx/Desktop/Projects/StorageX/Monero/StorageX-miner/cmake_build/CMakeFiles/CMakeTmp'
Building C object CMakeFiles/cmTC_e2605.dir/CheckFunctionExists.c.o
/usr/bin/cc   -DCHECK_FUNCTION_EXISTS=memset_s   -o CMakeFiles/cmTC_e2605.dir/CheckFunctionExists.c.o   -c /home/warproxxx/Downloads/cmake-3.12.3/Modules/CheckFunctionExists.c
Linking C executable cmTC_e2605
/home/warproxxx/Downloads/cmake-3.12.3/bin/cmake -E cmake_link_script CMakeFiles/cmTC_e2605.dir/link.txt --verbose=1
/usr/bin/cc  -DCHECK_FUNCTION_EXISTS=memset_s    -rdynamic CMakeFiles/cmTC_e2605.dir/CheckFunctionExists.c.o  -o cmTC_e2605  -L/home/warproxxx/Desktop/Projects/StorageX/Monero/StorageX-miner/cmake_build/CMakeFiles/CMakeTmp/string.h -Wl,-rpath,/home/warproxxx/Desktop/Projects/StorageX/Monero/StorageX-miner/cmake_build/CMakeFiles/CMakeTmp/string.h -lc 
CMakeFiles/cmTC_e2605.dir/CheckFunctionExists.c.o: In function `main':
CheckFunctionExists.c:(.text+0x10): undefined reference to `memset_s'
collect2: error: ld returned 1 exit status
CMakeFiles/cmTC_e2605.dir/build.make:86: recipe for target 'cmTC_e2605' failed
make[1]: *** [cmTC_e2605] Error 1
make[1]: Leaving directory '/home/warproxxx/Desktop/Projects/StorageX/Monero/StorageX-miner/cmake_build/CMakeFiles/CMakeTmp'
Makefile:121: recipe for target 'cmTC_e2605/fast' failed
make: *** [cmTC_e2605/fast] Error 2


Determining if the function explicit_bzero exists in the c failed with the following output:
Change Dir: /home/warproxxx/Desktop/Projects/StorageX/Monero/StorageX-miner/cmake_build/CMakeFiles/CMakeTmp

Run Build Command:"/usr/bin/make" "cmTC_c9150/fast"
/usr/bin/make -f CMakeFiles/cmTC_c9150.dir/build.make CMakeFiles/cmTC_c9150.dir/build
make[1]: Entering directory '/home/warproxxx/Desktop/Projects/StorageX/Monero/StorageX-miner/cmake_build/CMakeFiles/CMakeTmp'
Building C object CMakeFiles/cmTC_c9150.dir/CheckFunctionExists.c.o
/usr/bin/cc   -DCHECK_FUNCTION_EXISTS=explicit_bzero   -o CMakeFiles/cmTC_c9150.dir/CheckFunctionExists.c.o   -c /home/warproxxx/Downloads/cmake-3.12.3/Modules/CheckFunctionExists.c
Linking C executable cmTC_c9150
/home/warproxxx/Downloads/cmake-3.12.3/bin/cmake -E cmake_link_script CMakeFiles/cmTC_c9150.dir/link.txt --verbose=1
/usr/bin/cc  -DCHECK_FUNCTION_EXISTS=explicit_bzero    -rdynamic CMakeFiles/cmTC_c9150.dir/CheckFunctionExists.c.o  -o cmTC_c9150  -L/home/warproxxx/Desktop/Projects/StorageX/Monero/StorageX-miner/cmake_build/CMakeFiles/CMakeTmp/strings.h -Wl,-rpath,/home/warproxxx/Desktop/Projects/StorageX/Monero/StorageX-miner/cmake_build/CMakeFiles/CMakeTmp/strings.h -lc 
CMakeFiles/cmTC_c9150.dir/CheckFunctionExists.c.o: In function `main':
CheckFunctionExists.c:(.text+0x10): undefined reference to `explicit_bzero'
collect2: error: ld returned 1 exit status
CMakeFiles/cmTC_c9150.dir/build.make:86: recipe for target 'cmTC_c9150' failed
make[1]: *** [cmTC_c9150] Error 1
make[1]: Leaving directory '/home/warproxxx/Desktop/Projects/StorageX/Monero/StorageX-miner/cmake_build/CMakeFiles/CMakeTmp'
Makefile:121: recipe for target 'cmTC_c9150/fast' failed
make: *** [cmTC_c9150/fast] Error 2


Determining if the -Wl,-z,noexecheap linker flag is suppored failed with the following output:
Change Dir: /home/warproxxx/Desktop/Projects/StorageX/Monero/StorageX-miner/cmake_build/CMakeFiles/CMakeTmp

Run Build Command:"/usr/bin/make" "cmTC_07edd/fast"
/usr/bin/make -f CMakeFiles/cmTC_07edd.dir/build.make CMakeFiles/cmTC_07edd.dir/build
make[1]: Entering directory '/home/warproxxx/Desktop/Projects/StorageX/Monero/StorageX-miner/cmake_build/CMakeFiles/CMakeTmp'
Building C object CMakeFiles/cmTC_07edd.dir/CheckLinkerFlag.c.o
/usr/bin/cc   -Wl,-z,noexecheap    -Wl,-z,noexecheap -o CMakeFiles/cmTC_07edd.dir/CheckLinkerFlag.c.o   -c /home/warproxxx/Desktop/Projects/StorageX/Monero/StorageX-miner/cmake/CheckLinkerFlag.c
Linking C executable cmTC_07edd
/home/warproxxx/Downloads/cmake-3.12.3/bin/cmake -E cmake_link_script CMakeFiles/cmTC_07edd.dir/link.txt --verbose=1
/usr/bin/cc -Wl,-z,noexecheap     -rdynamic CMakeFiles/cmTC_07edd.dir/CheckLinkerFlag.c.o  -o cmTC_07edd 
/usr/bin/ld: warning: -z noexecheap ignored.
make[1]: Leaving directory '/home/warproxxx/Desktop/Projects/StorageX/Monero/StorageX-miner/cmake_build/CMakeFiles/CMakeTmp'


